[11:12:52.47] /o Custom Designer (TM) Version J-2014.12-SP2-2
              /c Build  (OPT) Config 2901729 compiled on Sun Jul 26 20:41:43 2015 for RHEL64 5.7
              /c Invocation: /usr/local/synopsys/customdesigner/J-2014.12-SP2-2/amd64/platform/bin/cdesigner
              /c Execution time: Tue Jan 21 11:12:43 2020
              /c Host: bender.engr.ucr.edu
              /c 
              /c Copyright © 2004-2015 Synopsys, Inc. All rights reserved.
              /c Your use of this program is subject to the terms and conditions of the written license agreement between you, or your company, and Synopsys.
              /c 
[11:13:00.02] /# gi::executeAction dmShowLibraryManager -in [gi::getWindows 0]
[11:13:00.03] /i dm::showLibraryManager
[11:13:00.04] /r giWindowId 1
[11:13:00.04] /r giWindowGeometry 660x600+117+77
[11:13:00.39] /o oa:0x22d7dad0
[11:13:03.51] /i gi::setCurrentIndex {libs} -index {winsons_library} -in [gi::getWindows 1]
[11:13:03.57] /i gi::setItemSelection {libs} -index {winsons_library} -in [gi::getWindows 1]
[11:13:05.80] /i gi::setCurrentIndex {cells} -index {inverter} -in [gi::getWindows 1]
[11:13:05.88] /i gi::setItemSelection {cells} -index {inverter} -in [gi::getWindows 1]
[11:57:53.11] /i gi::setCurrentIndex {views} -index {schematic} -in [gi::getWindows 1]
[11:57:53.18] /i gi::setItemSelection {views} -index {schematic} -in [gi::getWindows 1]
[11:57:53.35] /i gi::executeAction dmOpen -in [gi::getWindows 1]
[11:57:53.42] /o 	############################################
[11:57:53.42] /o 	--------------------------------------------
[11:57:53.42] /o 	PDK Name................... : SAED_PDK_90
[11:57:53.42] /o 	PDK Release Date........... : 29-Sep-2015
[11:57:53.42] /o 	PDK Custom Designer Version : J-2014.12-2
[11:57:53.42] /o 	--------------------------------------------
[11:57:53.42] /o 	############################################
[11:57:53.42] /o 
[11:57:53.42] /w Warning: Preference 'leActiveLPP' is deprecated and scheduled for removal in a future release with no replacement. For migration assistance, see the Custom Designer Tcl Reference Manual. (PREFERENCE-058)
[11:57:53.43] /o SAED PDK 90: Loaded callbacks
[11:57:53.43] /o SAED PDK 90: Loaded display resources
[11:57:53.51] /m Information: License 'Schematic Editor' checked out. (LICENSE-003)
[11:57:53.58] /r giWindowId 2
[11:57:53.59] /r giWindowGeometry 1575x947
[11:57:58.39] /i db::setAttr geometry -of [gi::getFrames 2] -value 938x1025+67+55
[11:57:58.62] /w Warning: Nothing is bound to the 'Button7' in the current active set. (WINDOW-015)
[11:57:58.62] /w Warning: Nothing is bound to the 'Button7' in the current active set. (WINDOW-015)
[11:57:58.63] /w Warning: Nothing is bound to the 'Button7' in the current active set. (WINDOW-015)
[11:57:58.63] /w Warning: Nothing is bound to the 'Button7' in the current active set. (WINDOW-015)
[11:57:58.66] /# gi::executeAction deZoomInAtPoint -in [gi::getWindows 2]
[11:57:58.66] /i de::zoom -window 2 -factor 2.0 -center {-0.875 1.95625}
[11:57:58.73] /o {-1.3875 1.0} {-0.08125 2.3125}
[11:57:58.75] /w Warning: Nothing is bound to the 'Button7' in the current active set. (WINDOW-015)
[11:57:58.78] /w Warning: Nothing is bound to the 'Button7' in the current active set. (WINDOW-015)
[11:57:58.86] /w Warning: Nothing is bound to the 'Button7' in the current active set. (WINDOW-015)
[11:57:58.89] /w Warning: Nothing is bound to the 'Button7' in the current active set. (WINDOW-015)
[11:57:58.94] /w Warning: Nothing is bound to the 'Button7' in the current active set. (WINDOW-015)
[11:57:58.96] /w Warning: Nothing is bound to the 'Button7' in the current active set. (WINDOW-015)
[11:57:59.02] /w Warning: Nothing is bound to the 'Button7' in the current active set. (WINDOW-015)
[11:57:59.09] /w Warning: Nothing is bound to the 'Button7' in the current active set. (WINDOW-015)
[11:57:59.80] /w Warning: Nothing is bound to the 'Button6' in the current active set. (WINDOW-015)
[11:57:59.93] /w Warning: Nothing is bound to the 'Button6' in the current active set. (WINDOW-015)
[11:58:00.00] /w Warning: Nothing is bound to the 'Button6' in the current active set. (WINDOW-015)
[11:58:00.02] /# gi::executeAction deZoomInAtPoint -in [gi::getWindows 2]
[11:58:00.02] /i de::zoom -window 2 -factor 2.0 -center {-0.875 1.95625}
[11:58:00.09] /o {-1.13125 1.475} {-0.48125 2.1375}
[11:58:00.12] /w Warning: Nothing is bound to the 'Button6' in the current active set. (WINDOW-015)
[11:58:00.12] /w Warning: Nothing is bound to the 'Button6' in the current active set. (WINDOW-015)
[11:58:00.13] /w Warning: Nothing is bound to the 'Button6' in the current active set. (WINDOW-015)
[11:58:00.17] /w Warning: Nothing is bound to the 'Button6' in the current active set. (WINDOW-015)
[11:58:00.21] /w Warning: Nothing is bound to the 'Button6' in the current active set. (WINDOW-015)
[11:58:00.30] /w Warning: Nothing is bound to the 'Button6' in the current active set. (WINDOW-015)
[11:58:00.35] /w Warning: Nothing is bound to the 'Button6' in the current active set. (WINDOW-015)
[11:58:00.37] /# gi::executeAction deZoomInAtPoint -in [gi::getWindows 2]
[11:58:00.37] /i de::zoom -window 2 -factor 2.0 -center {-0.875 1.95625}
[11:58:00.45] /o {-1.0 1.71875} {-0.675 2.04375}
[11:58:04.25] /# gi::executeAction deSetViewport -in [gi::getWindows 2]
[11:58:04.25] /i ide::setViewport 2
[11:58:07.04] /# gi::executeAction dbShowFindReplace -in [gi::getWindows 2]
[11:58:07.04] /i db::showFindReplace -parent 2
[11:58:07.08] /r giWindowId 3
[11:58:07.09] /r giWindowGeometry 580x620
[11:58:07.53] /o oa:0x25593e80
[11:58:08.05] /i db::setAttr geometry -of [gi::getFrames 3] -value 610x620+103+93
[11:58:09.47] /i gi::executeAction giCloseWindow -in [gi::getWindows 3]
[11:58:09.89] /i gi::setActiveWindow 2
[11:58:09.93] /i gi::setActiveWindow 2 -raise true
[11:58:39.20] /# gi::executeAction deZoomInAtPoint -in [gi::getWindows 2]
[11:58:39.21] /i de::zoom -window 2 -factor 2.0 -center {-0.80625 1.9375}
[11:58:39.29] /o {-0.90625 1.825} {-0.74375 1.99375}
[11:58:39.31] /# gi::executeAction deZoomInAtPoint -in [gi::getWindows 2]
[11:58:39.31] /i de::zoom -window 2 -factor 2.0 -center {-0.80625 1.9375}
[11:58:39.39] /o {-0.85625 1.88125} {-0.775 1.9625}
[11:58:39.43] /w Warning: Nothing is bound to the 'Button6' in the current active set. (WINDOW-015)
[11:58:39.44] /# gi::executeAction deZoomInAtPoint -in [gi::getWindows 2]
[11:58:39.44] /i de::zoom -window 2 -factor 2.0 -center {-0.80625 1.9375}
[11:58:39.52] /o {-0.83125 1.9125} {-0.7875 1.95}
[11:58:39.52] /# gi::executeAction deZoomInAtPoint -in [gi::getWindows 2]
[11:58:39.52] /i de::zoom -window 2 -factor 2.0 -center {-0.80625 1.9375}
[11:58:39.60] /o {-0.825 1.91875} {-0.79375 1.95}
[11:58:39.62] /w Warning: Nothing is bound to the 'Button6' in the current active set. (WINDOW-015)
[11:58:39.64] /# gi::executeAction deZoomInAtPoint -in [gi::getWindows 2]
[11:58:39.64] /i de::zoom -window 2 -factor 2.0 -center {-0.80625 1.9375}
[11:58:39.72] /o {-0.825 1.91875} {-0.79375 1.95}
[11:58:39.75] /w Warning: Nothing is bound to the 'Button6' in the current active set. (WINDOW-015)
[11:58:39.76] /# gi::executeAction deZoomInAtPoint -in [gi::getWindows 2]
[11:58:39.77] /i de::zoom -window 2 -factor 2.0 -center {-0.80625 1.9375}
[11:58:39.84] /o {-0.825 1.91875} {-0.79375 1.95}
[11:58:39.84] /# gi::executeAction deZoomInAtPoint -in [gi::getWindows 2]
[11:58:39.84] /i de::zoom -window 2 -factor 2.0 -center {-0.80625 1.9375}
[11:58:39.92] /o {-0.825 1.91875} {-0.79375 1.95}
[11:58:39.94] /w Warning: Nothing is bound to the 'Button6' in the current active set. (WINDOW-015)
[11:58:39.96] /# gi::executeAction deZoomInAtPoint -in [gi::getWindows 2]
[11:58:39.96] /i de::zoom -window 2 -factor 2.0 -center {-0.80625 1.9375}
[11:58:40.04] /o {-0.825 1.91875} {-0.79375 1.95}
[11:58:40.04] /# gi::executeAction deZoomInAtPoint -in [gi::getWindows 2]
[11:58:40.04] /i de::zoom -window 2 -factor 2.0 -center {-0.80625 1.9375}
[11:58:40.11] /o {-0.825 1.91875} {-0.79375 1.95}
[11:58:40.15] /w Warning: Nothing is bound to the 'Button6' in the current active set. (WINDOW-015)
[11:58:40.17] /w Warning: Nothing is bound to the 'Button6' in the current active set. (WINDOW-015)
[11:58:40.25] /w Warning: Nothing is bound to the 'Button6' in the current active set. (WINDOW-015)
[11:58:40.26] /# gi::executeAction deZoomInAtPoint -in [gi::getWindows 2]
[11:58:40.26] /i de::zoom -window 2 -factor 2.0 -center {-0.80625 1.9375}
[11:58:40.34] /o {-0.825 1.91875} {-0.79375 1.95}
[11:58:40.36] /w Warning: Nothing is bound to the 'Button6' in the current active set. (WINDOW-015)
[11:58:40.41] /# gi::executeAction deZoomInAtPoint -in [gi::getWindows 2]
[11:58:40.41] /i de::zoom -window 2 -factor 2.0 -center {-0.80625 1.9375}
[11:58:40.48] /o {-0.825 1.91875} {-0.79375 1.95}
[11:58:40.50] /w Warning: Nothing is bound to the 'Button6' in the current active set. (WINDOW-015)
[11:58:40.53] /# gi::executeAction deZoomInAtPoint -in [gi::getWindows 2]
[11:58:40.53] /i de::zoom -window 2 -factor 2.0 -center {-0.80625 1.9375}
[11:58:40.61] /o {-0.825 1.91875} {-0.79375 1.95}
[11:58:40.63] /w Warning: Nothing is bound to the 'Button6' in the current active set. (WINDOW-015)
[11:58:42.82] /# gi::executeAction deZoomInCursor -in [gi::getWindows 2]
[11:58:42.82] /i ide::setViewport 2 -direction in -point {-0.8125 1.9375}
[11:58:43.29] /# gi::executeAction deEndDrag -in [gi::getWindows 2]
[11:58:43.29] /i de::endDrag {-0.8125 1.9375} -window 2
[11:58:45.04] /w Warning: Nothing is bound to the 'Button7' in the current active set. (WINDOW-015)
[11:58:45.12] /# gi::executeAction deZoomOutAtPoint -in [gi::getWindows 2]
[11:58:45.12] /i de::zoom -window 2 -factor 0.5 -center {-0.8125 1.9375}
[11:58:45.19] /o {-0.8375 1.89375} {-0.775 1.95625}
[11:58:48.12] /# gi::executeAction deZoomInAtPoint -in [gi::getWindows 2]
[11:58:48.12] /i de::zoom -window 2 -factor 2.0 -center {-0.8125 1.9375}
[11:58:48.20] /o {-0.825 1.91875} {-0.79375 1.95}
[11:58:48.24] /# gi::executeAction deZoomInAtPoint -in [gi::getWindows 2]
[11:58:48.24] /i de::zoom -window 2 -factor 2.0 -center {-0.8125 1.9375}
[11:58:48.31] /o {-0.825 1.91875} {-0.79375 1.95}
[11:58:48.34] /# gi::executeAction deZoomInAtPoint -in [gi::getWindows 2]
[11:58:48.34] /i de::zoom -window 2 -factor 2.0 -center {-0.8125 1.9375}
[11:58:48.41] /o {-0.825 1.91875} {-0.79375 1.95}
[11:58:48.44] /# gi::executeAction deZoomInAtPoint -in [gi::getWindows 2]
[11:58:48.44] /i de::zoom -window 2 -factor 2.0 -center {-0.8125 1.9375}
[11:58:48.52] /o {-0.825 1.91875} {-0.79375 1.95}
[11:58:48.53] /# gi::executeAction deZoomInAtPoint -in [gi::getWindows 2]
[11:58:48.53] /i de::zoom -window 2 -factor 2.0 -center {-0.8125 1.9375}
[11:58:48.62] /o {-0.825 1.91875} {-0.79375 1.95}
[11:58:48.64] /# gi::executeAction deZoomInAtPoint -in [gi::getWindows 2]
[11:58:48.64] /i de::zoom -window 2 -factor 2.0 -center {-0.8125 1.9375}
[11:58:48.71] /o {-0.825 1.91875} {-0.79375 1.95}
[11:58:48.71] /# gi::executeAction deZoomInAtPoint -in [gi::getWindows 2]
[11:58:48.71] /i de::zoom -window 2 -factor 2.0 -center {-0.8125 1.9375}
[11:58:48.80] /o {-0.825 1.91875} {-0.79375 1.95}
[11:58:48.90] /# gi::executeAction deZoomInAtPoint -in [gi::getWindows 2]
[11:58:48.90] /i de::zoom -window 2 -factor 2.0 -center {-0.8125 1.9375}
[11:58:48.97] /o {-0.825 1.91875} {-0.79375 1.95}
[11:58:49.28] /# gi::executeAction deZoomOutAtPoint -in [gi::getWindows 2]
[11:58:49.28] /i de::zoom -window 2 -factor 0.5 -center {-0.8125 1.9375}
[11:58:49.37] /o {-0.8375 1.89375} {-0.775 1.95625}
[11:58:49.38] /# gi::executeAction deZoomOutAtPoint -in [gi::getWindows 2]
[11:58:49.38] /i de::zoom -window 2 -factor 0.5 -center {-0.8125 1.9375}
[11:58:49.47] /o {-0.8625 1.85} {-0.7375 1.98125}
[11:58:49.47] /# gi::executeAction deZoomOutAtPoint -in [gi::getWindows 2]
[11:58:49.47] /i de::zoom -window 2 -factor 0.5 -center {-0.8125 1.9375}
[11:58:49.55] /o {-0.9125 1.76875} {-0.6625 2.01875}
[11:58:49.58] /w Warning: Nothing is bound to the 'Button7' in the current active set. (WINDOW-015)
[11:58:49.60] /# gi::executeAction deZoomOutAtPoint -in [gi::getWindows 2]
[11:58:49.60] /i de::zoom -window 2 -factor 0.5 -center {-0.8125 1.9375}
[11:58:49.67] /o {-1.0125 1.6} {-0.5125 2.10625}
[11:58:49.67] /# gi::executeAction deZoomOutAtPoint -in [gi::getWindows 2]
[11:58:49.67] /i de::zoom -window 2 -factor 0.5 -center {-0.8125 1.94375}
[11:58:49.75] /o {-1.21875 1.25625} {-0.21875 2.2625}
[11:58:49.75] /# gi::executeAction deZoomOutAtPoint -in [gi::getWindows 2]
[11:58:49.75] /i de::zoom -window 2 -factor 0.5 -center {-0.80625 1.9375}
[11:58:49.82] /o {-1.625 0.56875} {0.375 2.5875}
[11:58:49.82] /# gi::executeAction deZoomOutAtPoint -in [gi::getWindows 2]
[11:58:49.82] /i de::zoom -window 2 -factor 0.5 -center {-0.80625 1.94375}
[11:58:49.89] /o {-2.45 -0.80625} {1.55 3.23125}
[11:58:49.89] /# gi::executeAction deZoomOutAtPoint -in [gi::getWindows 2]
[11:58:49.89] /i de::zoom -window 2 -factor 0.5 -center {-0.80625 1.9375}
[11:58:49.96] /o {-4.0875 -3.54375} {3.9125 4.525}
[11:58:49.96] /# gi::executeAction deZoomOutAtPoint -in [gi::getWindows 2]
[11:58:49.96] /i de::zoom -window 2 -factor 0.5 -center {-0.8 1.88125}
[11:58:50.04] /o {-7.38125 -8.96875} {8.61875 7.16875}
[11:58:50.04] /# gi::executeAction deZoomOutAtPoint -in [gi::getWindows 2]
[11:58:50.04] /i de::zoom -window 2 -factor 0.5 -center {-0.6375 1.13125}
[11:58:50.12] /o {-14.11875 -19.075} {17.88125 13.2125}
[11:58:50.12] /# gi::executeAction deZoomOutAtPoint -in [gi::getWindows 2]
[11:58:50.12] /i de::zoom -window 2 -factor 0.5 -center {-0.425 0.48125}
[11:58:50.21] /o {-27.8125 -38.63125} {36.1875 25.94375}
[11:58:50.21] /# gi::executeAction deZoomOutAtPoint -in [gi::getWindows 2]
[11:58:50.21] /i de::zoom -window 2 -factor 0.5 -center {-0.28125 0.34375}
[11:58:50.29] /o {-55.34375 -77.60625} {72.65625 51.5375}
[11:58:51.87] /# gi::executeAction deZoomOutAtPoint -in [gi::getWindows 2]
[11:58:51.87] /i de::zoom -window 2 -factor 0.5 -center {1.00625 -1.6625}
[11:58:51.95] /o {-111.69375 -153.54375} {144.30625 104.74375}
[11:58:51.96] /# gi::executeAction deZoomOutAtPoint -in [gi::getWindows 2]
[11:58:51.96] /i de::zoom -window 2 -factor 0.5 -center {1 -1.6625}
[11:58:52.03] /o {-224.3875 -305.43125} {287.6125 211.15}
[11:58:52.05] /# gi::executeAction deZoomOutAtPoint -in [gi::getWindows 2]
[11:58:52.05] /i de::zoom -window 2 -factor 0.5 -center {1.00625 -1.6625}
[11:58:52.12] /o {-449.7875 -609.19375} {574.2125 423.95625}
[11:58:52.12] /# gi::executeAction deZoomOutAtPoint -in [gi::getWindows 2]
[11:58:52.12] /i de::zoom -window 2 -factor 0.5 -center {1 -1.65625}
[11:58:52.16] /w Warning: Could not zoom to factor '0.00273' because the length and width of the design must both remain at least one pixel in size. (CANVAS-002)
[11:58:52.20] /o {-646.63125 -874.49375} {824.525 609.8125}
[11:58:52.24] /w Warning: Nothing is bound to the 'Button7' in the current active set. (WINDOW-015)
[11:58:52.26] /# gi::executeAction deZoomOutAtPoint -in [gi::getWindows 2]
[11:58:52.26] /i de::zoom -window 2 -factor 0.5 -center {1.00625 -1.6625}
[11:58:52.30] /w Warning: Could not zoom to factor '0.0019' because the length and width of the design must both remain at least one pixel in size. (CANVAS-002)
[11:58:52.34] /o {-646.63125 -874.49375} {824.525 609.8125}
[11:58:52.34] /# gi::executeAction deZoomOutAtPoint -in [gi::getWindows 2]
[11:58:52.34] /i de::zoom -window 2 -factor 0.5 -center {1.00625 -1.6625}
[11:58:52.38] /w Warning: Could not zoom to factor '0.0019' because the length and width of the design must both remain at least one pixel in size. (CANVAS-002)
[11:58:52.41] /o {-646.63125 -874.49375} {824.525 609.8125}
[11:58:52.41] /# gi::executeAction deZoomOutAtPoint -in [gi::getWindows 2]
[11:58:52.41] /i de::zoom -window 2 -factor 0.5 -center {1.00625 -1.6625}
[11:58:52.45] /w Warning: Could not zoom to factor '0.0019' because the length and width of the design must both remain at least one pixel in size. (CANVAS-002)
[11:58:52.49] /o {-646.63125 -874.49375} {824.525 609.8125}
[11:58:52.49] /# gi::executeAction deZoomOutAtPoint -in [gi::getWindows 2]
[11:58:52.49] /i de::zoom -window 2 -factor 0.5 -center {1.00625 -1.6625}
[11:58:52.53] /w Warning: Could not zoom to factor '0.0019' because the length and width of the design must both remain at least one pixel in size. (CANVAS-002)
[11:58:52.57] /o {-646.63125 -874.49375} {824.525 609.8125}
[11:58:52.57] /# gi::executeAction deZoomOutAtPoint -in [gi::getWindows 2]
[11:58:52.57] /i de::zoom -window 2 -factor 0.5 -center {1.00625 -1.6625}
[11:58:52.61] /w Warning: Could not zoom to factor '0.0019' because the length and width of the design must both remain at least one pixel in size. (CANVAS-002)
[11:58:52.65] /o {-646.63125 -874.49375} {824.525 609.8125}
[11:58:52.65] /# gi::executeAction deZoomOutAtPoint -in [gi::getWindows 2]
[11:58:52.65] /i de::zoom -window 2 -factor 0.5 -center {1.00625 -1.6625}
[11:58:52.69] /w Warning: Could not zoom to factor '0.0019' because the length and width of the design must both remain at least one pixel in size. (CANVAS-002)
[11:58:52.73] /o {-646.63125 -874.49375} {824.525 609.8125}
[11:58:52.73] /# gi::executeAction deZoomOutAtPoint -in [gi::getWindows 2]
[11:58:52.73] /i de::zoom -window 2 -factor 0.5 -center {1.00625 -1.6625}
[11:58:52.77] /w Warning: Could not zoom to factor '0.0019' because the length and width of the design must both remain at least one pixel in size. (CANVAS-002)
[11:58:52.80] /o {-646.63125 -874.49375} {824.525 609.8125}
[11:58:52.83] /# gi::executeAction deZoomOutAtPoint -in [gi::getWindows 2]
[11:58:52.83] /i de::zoom -window 2 -factor 0.5 -center {1.00625 -1.6625}
[11:58:52.87] /w Warning: Could not zoom to factor '0.0019' because the length and width of the design must both remain at least one pixel in size. (CANVAS-002)
[11:58:52.90] /o {-646.63125 -874.49375} {824.525 609.8125}
[11:58:53.73] /w Warning: Nothing is bound to the 'Button7' in the current active set. (WINDOW-015)
[11:58:53.76] /# gi::executeAction deZoomOutAtPoint -in [gi::getWindows 2]
[11:58:53.76] /i de::zoom -window 2 -factor 0.5 -center {50.31875 -180.83125}
[11:58:53.80] /w Warning: Could not zoom to factor '0.0019' because the length and width of the design must both remain at least one pixel in size. (CANVAS-002)
[11:58:53.84] /o {-646.63125 -874.49375} {824.525 609.8125}
[11:58:53.84] /# gi::executeAction deZoomOutAtPoint -in [gi::getWindows 2]
[11:58:53.84] /i de::zoom -window 2 -factor 0.5 -center {50.31875 -180.83125}
[11:58:53.89] /w Warning: Could not zoom to factor '0.0019' because the length and width of the design must both remain at least one pixel in size. (CANVAS-002)
[11:58:53.93] /o {-646.63125 -874.49375} {824.525 609.8125}
[11:58:53.93] /# gi::executeAction deZoomOutAtPoint -in [gi::getWindows 2]
[11:58:53.93] /i de::zoom -window 2 -factor 0.5 -center {50.31875 -180.83125}
[11:58:53.98] /w Warning: Could not zoom to factor '0.0019' because the length and width of the design must both remain at least one pixel in size. (CANVAS-002)
[11:58:54.02] /o {-646.63125 -874.49375} {824.525 609.8125}
[11:58:54.04] /w Warning: Nothing is bound to the 'Button7' in the current active set. (WINDOW-015)
[11:58:54.07] /# gi::executeAction deZoomOutAtPoint -in [gi::getWindows 2]
[11:58:54.07] /i de::zoom -window 2 -factor 0.5 -center {50.31875 -180.83125}
[11:58:54.12] /w Warning: Could not zoom to factor '0.0019' because the length and width of the design must both remain at least one pixel in size. (CANVAS-002)
[11:58:54.16] /o {-646.63125 -874.49375} {824.525 609.8125}
[11:58:54.16] /# gi::executeAction deZoomOutAtPoint -in [gi::getWindows 2]
[11:58:54.16] /i de::zoom -window 2 -factor 0.5 -center {50.31875 -180.83125}
[11:58:54.21] /w Warning: Could not zoom to factor '0.0019' because the length and width of the design must both remain at least one pixel in size. (CANVAS-002)
[11:58:54.24] /o {-646.63125 -874.49375} {824.525 609.8125}
[11:58:54.25] /# gi::executeAction deZoomOutAtPoint -in [gi::getWindows 2]
[11:58:54.25] /i de::zoom -window 2 -factor 0.5 -center {50.31875 -180.83125}
[11:58:54.29] /w Warning: Could not zoom to factor '0.0019' because the length and width of the design must both remain at least one pixel in size. (CANVAS-002)
[11:58:54.33] /o {-646.63125 -874.49375} {824.525 609.8125}
[11:58:54.33] /# gi::executeAction deZoomOutAtPoint -in [gi::getWindows 2]
[11:58:54.33] /i de::zoom -window 2 -factor 0.5 -center {50.31875 -180.83125}
[11:58:54.37] /w Warning: Could not zoom to factor '0.0019' because the length and width of the design must both remain at least one pixel in size. (CANVAS-002)
[11:58:54.40] /o {-646.63125 -874.49375} {824.525 609.8125}
[11:58:54.40] /# gi::executeAction deZoomOutAtPoint -in [gi::getWindows 2]
[11:58:54.41] /i de::zoom -window 2 -factor 0.5 -center {50.31875 -180.83125}
[11:58:54.45] /w Warning: Could not zoom to factor '0.0019' because the length and width of the design must both remain at least one pixel in size. (CANVAS-002)
[11:58:54.49] /o {-646.63125 -874.49375} {824.525 609.8125}
[11:58:54.49] /# gi::executeAction deZoomOutAtPoint -in [gi::getWindows 2]
[11:58:54.49] /i de::zoom -window 2 -factor 0.5 -center {20.73125 -46.04375}
[11:58:54.53] /w Warning: Could not zoom to factor '0.0019' because the length and width of the design must both remain at least one pixel in size. (CANVAS-002)
[11:58:54.57] /o {-646.63125 -874.49375} {824.525 609.8125}
[11:58:56.39] /# gi::executeAction deStartDrag -in [gi::getWindows 2]
[11:58:56.39] /i de::startDrag {-17.075 31.2125} -window 2
[11:58:56.85] /# gi::executeAction deEndDrag -in [gi::getWindows 2]
[11:58:56.85] /i de::endDrag {94.7 -77.275} -window 2
[11:58:58.36] /# gi::executeAction deSelectByWindow -in [gi::getWindows 2]
[11:58:58.36] /i de::deselectAll [db::getNext [de::getContexts -window 2]]; ide::selectByRegion -region rectangle -select true -point {-2.0625 6.5} 
[11:58:58.69] /# gi::executeAction deEndDrag -in [gi::getWindows 2]
[11:58:58.69] /i de::endDrag {8.65 -3.9875} -window 2
[11:59:00.05] /# gi::executeAction deSelectByWindow -in [gi::getWindows 2]
[11:59:00.05] /i de::deselectAll [db::getNext [de::getContexts -window 2]]; ide::selectByRegion -region rectangle -select true -point {-6.6875 8} 
[11:59:00.46] /# gi::executeAction deEndDrag -in [gi::getWindows 2]
[11:59:00.46] /i de::endDrag {6.53125 -1.4875} -window 2
[11:59:02.56] /# gi::executeAction deZoomIn -in [gi::getWindows 2]
[11:59:02.56] /i de::zoom -window 2 -factor 2.0
[11:59:02.63] /o {10.86875 -51.225} {66.75625 5.1625}
[11:59:04.33] /w Warning: Nothing is bound to the 'Button6' in the current active set. (WINDOW-015)
[11:59:04.36] /w Warning: Nothing is bound to the 'Button6' in the current active set. (WINDOW-015)
[11:59:04.39] /w Warning: Nothing is bound to the 'Button6' in the current active set. (WINDOW-015)
[11:59:04.39] /w Warning: Nothing is bound to the 'Button6' in the current active set. (WINDOW-015)
[11:59:04.42] /w Warning: Nothing is bound to the 'Button6' in the current active set. (WINDOW-015)
[11:59:04.44] /w Warning: Nothing is bound to the 'Button6' in the current active set. (WINDOW-015)
[11:59:04.49] /# gi::executeAction deZoomInAtPoint -in [gi::getWindows 2]
[11:59:04.49] /i de::zoom -window 2 -factor 2.0 -center {24.41875 -5.51875}
[11:59:04.57] /o {17.64375 -28.36875} {45.5875 -0.18125}
[11:59:04.60] /w Warning: Nothing is bound to the 'Button6' in the current active set. (WINDOW-015)
[11:59:04.61] /w Warning: Nothing is bound to the 'Button6' in the current active set. (WINDOW-015)
[11:59:06.50] /# gi::executeAction deZoomOut -in [gi::getWindows 2]
[11:59:06.50] /i de::zoom -window 2 -factor 0.5
[11:59:06.58] /o {3.675 -42.46875} {59.5625 13.91875}
[11:59:08.19] /# gi::executeAction deZoomOut -in [gi::getWindows 2]
[11:59:08.19] /i de::zoom -window 2 -factor 0.5
[11:59:08.27] /o {-24.26875 -70.6625} {87.50625 42.1125}
[11:59:11.14] /# gi::executeAction deFitSelected -in [gi::getWindows 2]
[11:59:11.14] /i de::fit -window 2 -set [de::getSelected -design [db::getAttr editDesign -of [db::getNext [de::getContexts -window 2]]]]
[11:59:11.22] /o {-0.85625 0.26875} {1.525 2.66875}
[11:59:14.52] /i gi::executeAction deObjectActivation -in [gi::getWindows 2]
[11:59:22.77] /i gi::executeAction deObjectActivation -in [gi::getWindows 2]
[12:01:18.06] /i gi::executeAction deObjectActivation -in [gi::getWindows 2]
[12:01:19.88] /i gi::executeAction deObjectActivation -in [gi::getWindows 2]
[12:01:42.85] /i gi::executeAction deObjectActivation -in [gi::getWindows 2]
[12:01:44.62] /i gi::executeAction deObjectActivation -in [gi::getWindows 2]
[12:01:54.05] /# gi::executeAction deRecentFile_winsons_library_inverter_symbol_Editing -in [gi::getWindows 2]
[12:01:54.06] /a de::open winsons_library/inverter/symbol -readOnly false
[12:01:54.13] /r giWindowId 4
[12:01:54.13] /r giWindowGeometry 1575x947
[12:01:54.83] /o oa:0x255f00b0
[12:01:54.98] /i gi::setActiveWindow 2
[12:01:55.02] /i gi::setActiveWindow 2 -raise true
[12:01:55.49] /i gi::setActiveWindow 4
[12:01:55.54] /i gi::setActiveWindow 4 -raise true
[12:01:55.70] /i db::setAttr geometry -of [gi::getFrames 4] -value 1575x947+67+57
[12:02:01.11] /# gi::executeAction seCreateShape -in [gi::getWindows 4]
[12:02:01.11] /i ise::createShape
[12:02:08.76] /# gi::executeAction deStartDrag -in [gi::getWindows 4]
[12:02:08.76] /i de::startDrag {0.1375 0.21875} -window 4
[12:02:10.60] /# gi::executeAction deEndDrag -in [gi::getWindows 4]
[12:02:10.60] /i de::endDrag {0.78125 -0.19375} -window 4
[12:02:16.03] /i gi::executeAction deObjectActivation -in [gi::getWindows 4]
[12:02:16.27] /# gi::executeAction deZoomIn -in [gi::getWindows 4]
[12:02:16.27] /i de::zoom -window 4 -factor 2.0
[12:02:16.34] /o {-0.475 -0.5375} {1.525 0.54375}
[12:02:17.02] /i gi::executeAction deObjectActivation -in [gi::getWindows 4]
[12:02:18.25] /# gi::executeAction deSetViewport -in [gi::getWindows 4]
[12:02:18.25] /i ide::setViewport 4
[12:02:23.91] /i de::undoTransaction -design [db::getAttr editDesign -of [de::getContexts -window 4]] -steps 1
[12:02:30.17] /# gi::executeAction seCreateShape -in [gi::getWindows 4]
[12:02:30.17] /i ise::createShape
[12:02:36.88] /i gi::pressButton {seShapeTypePolygon} -in [gi::getToolbars {deCommandOptions} -from [gi::getWindows 4]]
[12:02:38.64] /# gi::executeAction deStartDrag -in [gi::getWindows 4]
[12:02:38.64] /i de::startDrag {0.125 0.2375} -window 4
[12:02:39.39] /# gi::executeAction deEndDrag -in [gi::getWindows 4]
[12:02:39.39] /i de::endDrag {0.44375 0.075} -window 4
[12:02:40.42] /# gi::executeAction deAddPoint -in [gi::getWindows 4]
[12:02:40.42] /i de::addPoint {0.11875 0.25} -window 4
[12:02:44.08] /# gi::executeAction deAddPoint -in [gi::getWindows 4]
[12:02:44.08] /i de::addPoint {0.88125 0} -window 4
[12:02:46.94] /# gi::executeAction deAddPoint -in [gi::getWindows 4]
[12:02:46.94] /i de::addPoint {0.125 -0.24375} -window 4
[12:02:50.94] /# gi::executeAction deAddPoint -in [gi::getWindows 4]
[12:02:50.94] /i de::addPoint {0.125 0.25} -window 4
[12:02:55.50] /# gi::executeAction seDelete -in [gi::getWindows 4]
[12:02:55.50] /i ise::delete
[12:02:57.13] /# gi::executeAction deAddPoint -in [gi::getWindows 4]
[12:02:57.13] /i de::addPoint {0.6625 0.24375} -window 4
[12:03:00.00] /i gi::executeAction deObjectActivation -in [gi::getWindows 4]
[12:03:00.24] /# gi::executeAction deZoomIn -in [gi::getWindows 4]
[12:03:00.24] /i de::zoom -window 4 -factor 2.0
[12:03:00.32] /o {0.025 -0.26875} {1.025 0.275}
[12:03:00.79] /i gi::executeAction deObjectActivation -in [gi::getWindows 4]
[12:03:02.49] /i de::undoTransaction -design [db::getAttr editDesign -of [de::getContexts -window 4]] -steps 1
[12:03:04.76] /# gi::executeAction deZoomOutAtPoint -in [gi::getWindows 4]
[12:03:04.76] /i de::zoom -window 4 -factor 0.5 -center {0.21875 0.10625}
[12:03:04.83] /o {-0.16875 -0.6375} {1.83125 0.4375}
[12:03:04.86] /w Warning: Nothing is bound to the 'Button7' in the current active set. (WINDOW-015)
[12:03:04.92] /# gi::executeAction deZoomOutAtPoint -in [gi::getWindows 4]
[12:03:04.92] /i de::zoom -window 4 -factor 0.5 -center {0.21875 0.10625}
[12:03:05.00] /o {-0.5625 -1.3875} {3.45 0.775}
[12:03:05.00] /# gi::executeAction deZoomOutAtPoint -in [gi::getWindows 4]
[12:03:05.00] /i de::zoom -window 4 -factor 0.5 -center {0.21875 0.1}
[12:03:05.07] /o {-1.34375 -2.875} {6.68125 1.45}
[12:03:05.08] /# gi::executeAction deZoomOutAtPoint -in [gi::getWindows 4]
[12:03:05.08] /i de::zoom -window 4 -factor 0.5 -center {0.2125 0.1}
[12:03:05.15] /o {-2.89375 -5.84375} {13.14375 2.79375}
[12:03:05.15] /# gi::executeAction deZoomOutAtPoint -in [gi::getWindows 4]
[12:03:05.15] /i de::zoom -window 4 -factor 0.5 -center {0.2125 0.10625}
[12:03:05.23] /o {-6.00625 -11.79375} {26.08125 5.48125}
[12:03:05.23] /# gi::executeAction deZoomOutAtPoint -in [gi::getWindows 4]
[12:03:05.23] /i de::zoom -window 4 -factor 0.5 -center {0.2125 0.1}
[12:03:05.31] /o {-12.21875 -23.6875} {51.94375 10.8625}
[12:03:05.31] /# gi::executeAction deZoomOutAtPoint -in [gi::getWindows 4]
[12:03:05.31] /i de::zoom -window 4 -factor 0.5 -center {0.21875 0.1}
[12:03:05.40] /o {-24.6625 -47.48125} {103.675 21.63125}
[12:03:05.40] /# gi::executeAction deZoomOutAtPoint -in [gi::getWindows 4]
[12:03:05.40] /i de::zoom -window 4 -factor 0.5 -center {0.21875 0.1}
[12:03:05.48] /o {-49.54375 -95.0625} {207.13125 43.1625}
[12:03:05.48] /# gi::executeAction deZoomOutAtPoint -in [gi::getWindows 4]
[12:03:05.48] /i de::zoom -window 4 -factor 0.5 -center {0.21875 0.1}
[12:03:05.56] /o {-99.30625 -190.225} {414.04375 86.225}
[12:03:05.56] /# gi::executeAction deZoomOutAtPoint -in [gi::getWindows 4]
[12:03:05.56] /i de::zoom -window 4 -factor 0.5 -center {0.2125 0.10625}
[12:03:05.63] /o {-198.825 -380.55} {827.875 172.3375}
[12:03:05.65] /# gi::executeAction deZoomInAtPoint -in [gi::getWindows 4]
[12:03:05.65] /i de::zoom -window 4 -factor 2.0 -center {0.21875 0.10625}
[12:03:05.74] /o {-99.3 -190.225} {414.04375 86.225}
[12:03:05.74] /# gi::executeAction deZoomInAtPoint -in [gi::getWindows 4]
[12:03:05.74] /i de::zoom -window 4 -factor 2.0 -center {0.21875 0.10625}
[12:03:05.82] /o {-49.54375 -95.05625} {207.13125 43.1625}
[12:03:05.82] /# gi::executeAction deZoomInAtPoint -in [gi::getWindows 4]
[12:03:05.82] /i de::zoom -window 4 -factor 2.0 -center {0.21875 0.10625}
[12:03:05.89] /o {-24.6625 -47.475} {103.675 21.6375}
[12:03:05.89] /# gi::executeAction deZoomInAtPoint -in [gi::getWindows 4]
[12:03:05.89] /i de::zoom -window 4 -factor 2.0 -center {0.21875 0.10625}
[12:03:05.97] /o {-12.21875 -23.6875} {51.95 10.86875}
[12:03:05.97] /# gi::executeAction deZoomInAtPoint -in [gi::getWindows 4]
[12:03:05.97] /i de::zoom -window 4 -factor 2.0 -center {0.21875 0.10625}
[12:03:06.04] /o {-6.0 -11.7875} {26.08125 5.4875}
[12:03:06.10] /# gi::executeAction deZoomInAtPoint -in [gi::getWindows 4]
[12:03:06.10] /i de::zoom -window 4 -factor 2.0 -center {0.21875 0.10625}
[12:03:06.19] /o {-2.89375 -5.84375} {13.15 2.8}
[12:03:06.21] /w Warning: Nothing is bound to the 'Button6' in the current active set. (WINDOW-015)
[12:03:06.24] /# gi::executeAction deZoomInAtPoint -in [gi::getWindows 4]
[12:03:06.24] /i de::zoom -window 4 -factor 2.0 -center {0.21875 0.10625}
[12:03:06.33] /o {-1.3375 -2.86875} {6.6875 1.45}
[12:03:09.85] /# gi::executeAction seCreateShape -in [gi::getWindows 4]
[12:03:09.86] /i ise::createShape
[12:03:15.14] /i gi::executeAction deObjectActivation -in [gi::getWindows 4]
[12:03:15.27] /i gi::executeAction deObjectActivation -in [gi::getWindows 4]
[12:03:37.48] /# gi::executeAction deAddPoint -in [gi::getWindows 4]
[12:03:37.48] /i de::addPoint {0.9 0.125} -window 4
[12:03:38.32] /# gi::executeAction seDelete -in [gi::getWindows 4]
[12:03:38.32] /i ise::delete
[12:03:39.22] /# gi::executeAction deAddPoint -in [gi::getWindows 4]
[12:03:39.22] /i de::addPoint {0.9 0.125} -window 4
[12:03:44.20] /# gi::executeAction seCreateShape -in [gi::getWindows 4]
[12:03:44.20] /i ise::createShape
[12:03:51.38] /# gi::executeAction deAddPoint -in [gi::getWindows 4]
[12:03:51.38] /i de::addPoint {0.01875 0.35} -window 4
[12:03:53.60] /# gi::executeAction deAddPoint -in [gi::getWindows 4]
[12:03:53.60] /i de::addPoint {-0.00625 -0.38125} -window 4
[12:03:55.24] /# gi::executeAction deAddPoint -in [gi::getWindows 4]
[12:03:55.24] /i de::addPoint {1 0.0125} -window 4
[12:03:58.36] /# gi::executeAction deAddPoint -in [gi::getWindows 4]
[12:03:58.36] /i de::addPoint {0.89375 0.14375} -window 4
[12:04:00.39] /# gi::executeAction seDelete -in [gi::getWindows 4]
[12:04:00.39] /i ise::delete
[12:04:03.87] /# gi::executeAction seCreateShape -in [gi::getWindows 4]
[12:04:03.87] /i ise::createShape
[12:04:07.96] /# gi::executeAction deAddPoint -in [gi::getWindows 4]
[12:04:07.96] /i de::addPoint {0.3625 0.26875} -window 4
[12:04:10.16] /# gi::executeAction deAddPoint -in [gi::getWindows 4]
[12:04:10.16] /i de::addPoint {-0.0125 0.35} -window 4
[12:04:12.05] /# gi::executeAction deAddPoint -in [gi::getWindows 4]
[12:04:12.05] /i de::addPoint {0.01875 -0.35} -window 4
[12:04:13.74] /# gi::executeAction deAddPoint -in [gi::getWindows 4]
[12:04:13.74] /i de::addPoint {0.39375 0.21875} -window 4
[12:04:15.62] /# gi::executeAction deAddPoint -in [gi::getWindows 4]
[12:04:15.62] /i de::addPoint {-0.00625 0.3875} -window 4
[12:04:17.44] /# gi::executeAction deAddPoint -in [gi::getWindows 4]
[12:04:17.44] /i de::addPoint {0 -0.375} -window 4
[12:04:20.16] /# gi::executeAction deAddPoint -in [gi::getWindows 4]
[12:04:20.17] /i de::addPoint {0.975 0.00625} -window 4
[12:04:23.84] /# gi::executeAction deAddPoint -in [gi::getWindows 4]
[12:04:23.84] /i de::addPoint {0.00625 0.38125} -window 4
[12:04:48.65] /i gi::executeAction deSaveDesign -in [gi::getWindows 4]
[12:04:48.71] /m Information: Saving design 'winsons_library inverter symbol'. (DESIGN_WINDOW-004)
[12:04:52.54] /i gi::executeAction deSaveDesign -in [gi::getWindows 4]
[12:04:52.59] /m Information: Saving design 'winsons_library inverter symbol'. (DESIGN_WINDOW-004)
[12:05:06.96] /i gi::executeAction giCloseWindow -in [gi::getWindows 4]
[12:05:18.36] /i gi::setActiveWindow 0
[12:05:18.40] /i gi::setActiveWindow 0 -raise true
[12:05:21.62] /i gi::setActiveWindow 2
[12:05:21.66] /i gi::setActiveWindow 2 -raise true
[12:05:26.20] /# gi::executeAction deOpenDesign -in [gi::getWindows 2]
[12:05:26.20] /i de::showOpenDesign
[12:05:26.44] /o oa:0x256ffb20
[12:05:26.68] /i gi::setActiveDialog [gi::getDialogs {deOpenDesign}]
[12:05:26.99] /i db::setAttr geometry -of [gi::getDialogs {deOpenDesign}] -value 645x491+637+309
[12:05:29.89] /i gi::setCurrentIndex {designLibs} -index {snpsDefTechLib} -in [gi::getDialogs {deOpenDesign}]
[12:05:29.93] /i gi::setItemSelection {designLibs} -index {snpsDefTechLib} -in [gi::getDialogs {deOpenDesign}]
[12:05:30.79] /i gi::setCurrentIndex {designLibs} -index {winsons_library} -in [gi::getDialogs {deOpenDesign}]
[12:05:30.84] /i gi::setItemSelection {designLibs} -index {winsons_library} -in [gi::getDialogs {deOpenDesign}]
[12:05:31.97] /i gi::setCurrentIndex {designCells} -index {inverter_testbench} -in [gi::getDialogs {deOpenDesign}]
[12:05:32.04] /i gi::setItemSelection {designCells} -index {inverter_testbench} -in [gi::getDialogs {deOpenDesign}]
[12:05:32.46] /i gi::setCurrentIndex {designCells} -index {inverter} -in [gi::getDialogs {deOpenDesign}]
[12:05:32.51] /i gi::setItemSelection {designCells} -index {inverter} -in [gi::getDialogs {deOpenDesign}]
[12:05:33.35] /i gi::setCurrentIndex {designViews} -index {symbol} -in [gi::getDialogs {deOpenDesign}]
[12:05:33.39] /i gi::setItemSelection {designViews} -index {symbol} -in [gi::getDialogs {deOpenDesign}]
[12:05:33.54] /i gi::pressButton {ok} -in [gi::getDialogs {deOpenDesign}]
[12:05:33.58] /# de::open [dm::findCellView {symbol} -cellName {inverter} -libName {winsons_library}] -readOnly 0
[12:05:33.61] /r giWindowId 5
[12:05:33.62] /r giWindowGeometry 1575x947
[12:05:35.06] /i db::setAttr geometry -of [gi::getFrames 5] -value 1575x947+67+59
[12:05:41.28] /# gi::executeAction seCreateShape -in [gi::getWindows 5]
[12:05:41.28] /i ise::createShape
[12:05:44.59] /i gi::pressButton {seShapeTypePolygon} -in [gi::getToolbars {deCommandOptions} -from [gi::getWindows 5]]
[12:05:47.16] /# gi::executeAction deStartDrag -in [gi::getWindows 5]
[12:05:47.16] /i de::startDrag {-0.00625 0.36875} -window 5
[12:05:47.92] /# gi::executeAction deEndDrag -in [gi::getWindows 5]
[12:05:47.92] /i de::endDrag {0.56875 0.10625} -window 5
[12:05:52.18] /# gi::executeAction deAddPoint -in [gi::getWindows 5]
[12:05:52.18] /i de::addPoint {0.01875 0.3875} -window 5
[12:06:02.07] /# gi::executeAction deAddPoint -in [gi::getWindows 5]
[12:06:02.07] /i de::addPoint {0.975 0} -window 5
[12:06:04.45] /# gi::executeAction deDefaultCommandOption -in [gi::getWindows 5]
[12:06:04.45] /i de::commandOption default -point {0.00625 -0.3875} -window 5
[12:06:07.91] /# gi::executeAction deAddPoint -in [gi::getWindows 5]
[12:06:07.91] /i de::addPoint {-0.0125 -0.38125} -window 5
[12:06:09.24] /# gi::executeAction deZoomInAtPoint -in [gi::getWindows 5]
[12:06:09.24] /i de::zoom -window 5 -factor 2.0 -center {-0.0125 0.4}
[12:06:09.32] /o {-0.74375 -0.3375} {1.25625 0.74375}
[12:06:09.34] /# gi::executeAction deZoomInAtPoint -in [gi::getWindows 5]
[12:06:09.34] /i de::zoom -window 5 -factor 2.0 -center {-0.0125 0.4}
[12:06:09.41] /o {-0.38125 0.03125} {0.625 0.56875}
[12:06:09.48] /# gi::executeAction deZoomInAtPoint -in [gi::getWindows 5]
[12:06:09.48] /i de::zoom -window 5 -factor 2.0 -center {-0.0125 0.4}
[12:06:09.57] /o {-0.19375 0.2125} {0.30625 0.4875}
[12:06:15.74] /# gi::executeAction deAddPoint -in [gi::getWindows 5]
[12:06:15.74] /i de::addPoint {0 0.375} -window 5
[12:06:19.17] /# gi::executeAction deFitEdit -in [gi::getWindows 5]
[12:06:19.17] /i de::fit -window 5 -fitEdit true
[12:06:19.25] /o {-1.39375 -1.0375} {2.4625 1.04375}
[12:06:24.93] /i gi::pressButton {seShapeTypeCircle} -in [gi::getToolbars {deCommandOptions} -from [gi::getWindows 5]]
[12:06:28.25] /i gi::pressButton {seShapeTypeRectangle} -in [gi::getToolbars {deCommandOptions} -from [gi::getWindows 5]]
[12:06:30.41] /i gi::pressButton {seShapeTypePolygon} -in [gi::getToolbars {deCommandOptions} -from [gi::getWindows 5]]
[12:06:38.20] /# gi::executeAction deStartDrag -in [gi::getWindows 5]
[12:06:38.20] /i de::startDrag {0.0125 0.36875} -window 5
[12:06:39.12] /# gi::executeAction deEndDrag -in [gi::getWindows 5]
[12:06:39.12] /i de::endDrag {0.01875 -0.3375} -window 5
[12:06:39.96] /# gi::executeAction deAddPoint -in [gi::getWindows 5]
[12:06:39.96] /i de::addPoint {0.01875 -0.3625} -window 5
[12:06:41.80] /# gi::executeAction deAddPoint -in [gi::getWindows 5]
[12:06:41.80] /i de::addPoint {0.9875 -0.00625} -window 5
[12:06:42.01] /# gi::executeAction deCompleteShape -in [gi::getWindows 5]
[12:06:42.01] /i de::completeShape -window 5
[12:06:44.46] /# gi::executeAction deAddPoint -in [gi::getWindows 5]
[12:06:44.46] /i de::addPoint {-0.00625 0.36875} -window 5
[12:06:44.66] /# gi::executeAction deCompleteShape -in [gi::getWindows 5]
[12:06:44.66] /i de::completeShape -window 5
[12:06:52.57] /# gi::executeAction deAddPoint -in [gi::getWindows 5]
[12:06:52.57] /i de::addPoint {0.11875 0.1125} -window 5
[12:06:56.36] /# gi::executeAction deAddPoint -in [gi::getWindows 5]
[12:06:56.36] /i de::addPoint {0.2625 0.05625} -window 5
[12:06:56.48] /# gi::executeAction deCompleteShape -in [gi::getWindows 5]
[12:06:56.48] /i de::completeShape -window 5
[12:06:57.20] /# gi::executeAction deDefaultCommandOption -in [gi::getWindows 5]
[12:06:57.20] /i de::commandOption default -point {0.2625 0.05625} -window 5
[12:06:58.55] /# gi::executeAction deAddPoint -in [gi::getWindows 5]
[12:06:58.55] /i de::addPoint {0.1375 0.1375} -window 5
[12:06:58.80] /# gi::executeAction deAddPoint -in [gi::getWindows 5]
[12:06:58.80] /i de::addPoint {0.1375 0.1375} -window 5
[12:06:58.95] /# gi::executeAction deCompleteShape -in [gi::getWindows 5]
[12:06:58.95] /i de::completeShape -window 5
[12:07:01.16] /# gi::executeAction deAddPoint -in [gi::getWindows 5]
[12:07:01.17] /i de::addPoint {0.28125 0.175} -window 5
[12:07:04.84] /# gi::executeAction deAddPoint -in [gi::getWindows 5]
[12:07:04.84] /i de::addPoint {0.2125 0.20625} -window 5
[12:07:05.32] /# gi::executeAction deAddPoint -in [gi::getWindows 5]
[12:07:05.32] /i de::addPoint {0.2125 0.20625} -window 5
[12:07:07.47] /# gi::executeAction deAddPoint -in [gi::getWindows 5]
[12:07:07.48] /i de::addPoint {0.1875 0.1625} -window 5
[12:07:09.67] /# gi::executeAction deAddPoint -in [gi::getWindows 5]
[12:07:09.67] /i de::addPoint {0.13125 0.13125} -window 5
[12:07:34.48] /# gi::executeAction seCreateShape -in [gi::getWindows 5]
[12:07:34.48] /i ise::createShape
[12:07:34.89] /w Warning: Nothing is bound to the 'Button6' in the current active set. (WINDOW-015)
[12:07:34.92] /w Warning: Nothing is bound to the 'Button6' in the current active set. (WINDOW-015)
[12:07:34.92] /w Warning: Nothing is bound to the 'Button6' in the current active set. (WINDOW-015)
[12:07:38.21] /# gi::executeAction seDelete -in [gi::getWindows 5]
[12:07:38.21] /i ise::delete
[12:07:54.19] /i gi::executeAction deSaveDesign -in [gi::getWindows 5]
[12:07:54.27] /m Information: Saving design 'winsons_library inverter symbol'. (DESIGN_WINDOW-004)
[12:08:05.95] /# gi::executeAction deAddPoint -in [gi::getWindows 5]
[12:08:05.95] /i de::addPoint {-0.94375 0.40625} -window 5
[12:08:07.63] /# gi::executeAction deAddPoint -in [gi::getWindows 5]
[12:08:07.63] /i de::addPoint {-0.9875 0.85} -window 5
[12:08:07.85] /# gi::executeAction deCompleteShape -in [gi::getWindows 5]
[12:08:07.85] /i de::completeShape -window 5
[12:08:16.30] /i gi::executeAction deSaveDesign -in [gi::getWindows 5]
[12:08:16.37] /m Information: Saving design 'winsons_library inverter symbol'. (DESIGN_WINDOW-004)
[12:08:17.10] /i gi::executeAction deObjectActivation -in [gi::getWindows 5]
[12:08:26.15] /i db::setAttr iconified -of [gi::getFrames 5] -value true
[12:08:26.20] /i gi::setActiveWindow 2
[12:08:26.24] /i gi::setActiveWindow 2 -raise true
[12:08:26.28] /i gi::executeAction deObjectActivation -in [gi::getWindows 5]
[12:08:26.31] /i gi::executeAction deObjectActivation -in [gi::getWindows 2]
[12:08:45.38] /i gi::executeAction deObjectActivation -in [gi::getWindows 2]
[12:09:34.95] /i db::setAttr iconified -of [gi::getFrames 5] -value false
[12:09:35.01] /i gi::setActiveWindow 5
[12:09:35.06] /i gi::setActiveWindow 5 -raise true
[12:09:35.10] /i gi::executeAction deObjectActivation -in [gi::getWindows 5]
[12:09:35.77] /i gi::executeAction deObjectActivation -in [gi::getWindows 5]
[12:09:36.69] /i gi::executeAction giCloseWindow -in [gi::getWindows 5]
[12:09:41.13] /i gi::setActiveWindow 2
[12:09:41.16] /i gi::setActiveWindow 2 -raise true
[12:09:43.77] /# gi::executeAction deOpenDesign -in [gi::getWindows 2]
[12:09:43.77] /i de::showOpenDesign
[12:09:43.90] /o oa:0x255fc710
[12:09:44.13] /i gi::setActiveDialog [gi::getDialogs {deOpenDesign}]
[12:09:44.70] /i db::setAttr geometry -of [gi::getDialogs {deOpenDesign}] -value 645x491+627+301
[12:09:45.83] /i gi::setCurrentIndex {designCells} -index {inverter_testbench} -in [gi::getDialogs {deOpenDesign}]
[12:09:45.88] /i gi::setItemSelection {designCells} -index {inverter_testbench} -in [gi::getDialogs {deOpenDesign}]
[12:09:46.84] /i gi::setCurrentIndex {designViews} -index {Tran_DC_SAE} -in [gi::getDialogs {deOpenDesign}]
[12:09:46.89] /i gi::setItemSelection {designViews} -index {Tran_DC_SAE} -in [gi::getDialogs {deOpenDesign}]
[12:09:47.00] /i gi::pressButton {ok} -in [gi::getDialogs {deOpenDesign}]
[12:09:47.04] /# de::open [dm::findCellView {Tran_DC_SAE} -cellName {inverter_testbench} -libName {winsons_library}] -readOnly 0
[12:09:48.06] /m Information: License 'Simulation & Analysis Environment' checked out. (LICENSE-003)
[12:09:48.17] /r giWindowId 6
[12:09:48.18] /r giWindowGeometry 600x500
[12:09:49.25] /o oa:0x281d0140
[12:09:49.99] /i db::setAttr geometry -of [gi::getFrames 6] -value 600x500+103+93
[12:09:53.32] /i gi::setActiveWindow 2
[12:09:53.36] /i gi::setActiveWindow 2 -raise true
[12:09:56.62] /# gi::executeAction deOpenDesign -in [gi::getWindows 2]
[12:09:56.63] /i de::showOpenDesign
[12:09:56.78] /o oa:0x2812b890
[12:09:57.01] /i gi::setActiveDialog [gi::getDialogs {deOpenDesign}]
[12:09:57.50] /i db::setAttr geometry -of [gi::getDialogs {deOpenDesign}] -value 645x491+617+293
[12:09:58.73] /i gi::setCurrentIndex {designViews} -index {schematic} -in [gi::getDialogs {deOpenDesign}]
[12:09:58.77] /i gi::setItemSelection {designViews} -index {schematic} -in [gi::getDialogs {deOpenDesign}]
[12:09:59.35] /i gi::pressButton {ok} -in [gi::getDialogs {deOpenDesign}]
[12:09:59.39] /# de::open [dm::findCellView {schematic} -cellName {inverter_testbench} -libName {winsons_library}] -readOnly 0
[12:09:59.47] /r giWindowId 7
[12:09:59.48] /r giWindowGeometry 1575x947
[12:10:04.23] /i db::setAttr geometry -of [gi::getFrames 7] -value 1575x947+-126+133
[12:10:04.80] /i db::setAttr geometry -of [gi::getFrames 7] -value 1575x947+35+133
[12:10:07.90] /i gi::executeAction deObjectActivation -in [gi::getWindows 7]
[12:10:15.22] /i gi::executeAction deObjectActivation -in [gi::getWindows 7]
[12:10:15.27] /i gi::executeAction giCloseWindow -in [gi::getWindows 7]
[12:10:17.64] /i gi::setActiveWindow 2
[12:10:17.70] /i gi::setActiveWindow 2 -raise true
[12:10:17.73] /i gi::executeAction deObjectActivation -in [gi::getWindows 2]
[12:10:18.82] /i gi::executeAction deObjectActivation -in [gi::getWindows 2]
[12:11:38.50] /i gi::setActiveWindow 6
[12:11:38.55] /i gi::setActiveWindow 6 -raise true
[12:11:40.23] /i gi::pressButton {plotButton} -in [gi::getWindows 6]
[12:11:40.36] /m Information: Launching Waveform Viewer "cd /home/eemaj/wbi/simulation/winsons_library/inverter_testbench/schematic/HSPICE/nominal/results && wv -k -cdesigner > /home/eemaj/wbi/simulation/winsons_library/inverter_testbench/schematic/HSPICE/nominal/results/viewer.log 2>&1"
[12:34:54.62] /i gi::setActiveWindow 1
[12:34:54.66] /i gi::setActiveWindow 1 -raise true
