[12:03:20.52] /o Custom Designer (TM) Version J-2014.12-SP2-2
              /c Build  (OPT) Config 2901729 compiled on Sun Jul 26 20:41:43 2015 for RHEL64 5.7
              /c Invocation: /usr/local/synopsys/customdesigner/J-2014.12-SP2-2/amd64/platform/bin/cdesigner
              /c Execution time: Wed Jan 15 12:03:12 2020
              /c Host: bender.engr.ucr.edu
              /c 
              /c Copyright © 2004-2015 Synopsys, Inc. All rights reserved.
              /c Your use of this program is subject to the terms and conditions of the written license agreement between you, or your company, and Synopsys.
              /c 
[12:14:12.23] /# gi::executeAction dmShowLibraryManager -in [gi::getWindows 0]
[12:14:12.23] /i dm::showLibraryManager
[12:14:12.24] /r giWindowId 1
[12:14:12.25] /r giWindowGeometry 660x600+117+77
[12:14:12.59] /o oa:0x234e63e0
[12:14:14.81] /i gi::setCurrentIndex {libs} -index {SAED_PDK_90} -in [gi::getWindows 1]
[12:14:14.88] /i gi::setItemSelection {libs} -index {SAED_PDK_90} -in [gi::getWindows 1]
[12:14:33.23] /# gi::executeAction dmShowNewLibrary -in [gi::getWindows 1]
[12:14:33.23] /i dm::showNewLibrary -parent 1
[12:14:33.59] /o oa:0x25524c10
[12:14:34.20] /i gi::setActiveDialog [gi::getDialogs {dmNewLibrary} -parent [gi::getWindows 1]]
[12:14:34.47] /i db::setAttr geometry -of [gi::getDialogs {dmNewLibrary} -parent [gi::getWindows 1]] -value 435x493+230+112
[12:15:13.86] /i gi::setField {libName} -value {winsons_library} -in [gi::getDialogs {dmNewLibrary} -parent [gi::getWindows 1]]
[12:15:24.18] /i gi::setField {techTypeFile} -value {true} -in [gi::getDialogs {dmNewLibrary} -parent [gi::getWindows 1]]
[12:15:29.63] /i gi::pressButton {techFileBrowse} -in [gi::getDialogs {dmNewLibrary} -parent [gi::getWindows 1]]
[12:16:03.62] /r giFileDialog accept ../../../../usr/local/synopsys/pdk/SAED_PDK90nm/techfiles/saed90nm_1p9m_cd.tf
[12:16:08.05] /i gi::setField {techFile} -value {/usr/local/synopsys/pdk/SAED_PDK90nm/techfiles/saed90nm_1p9m_cd.tf} -in [gi::getDialogs {dmNewLibrary} -parent [gi::getWindows 1]]
[12:16:19.45] /i gi::pressButton {ok} -in [gi::getDialogs {dmNewLibrary} -parent [gi::getWindows 1]]
[12:16:19.56] /# dm::createLib winsons\_library -path {./winsons_library} -dmSystem oaDMFileSys
[12:16:19.58] /# db::importTechFile /usr/local/synopsys/pdk/SAED_PDK90nm/techfiles/saed90nm_1p9m_cd.tf -lib [oa::LibFind [oa::ScalarName [oa::CdbaNS] winsons\_library]]; oa::save [oa::TechFind [oa::ScalarName [oa::CdbaNS] winsons\_library]]
[12:16:19.59] /m Information: Information: constraint name 'minSpacing' of layer pair constraint is replaced by constraint name 'minClearance'.[line 839] (TECH_IO-090). (TECH_IO-098)
[12:16:19.59] /m Information: Information: constraint name 'minSpacing' of layer pair constraint is replaced by constraint name 'minClearance'.[line 840] (TECH_IO-090). (TECH_IO-098)
[12:16:19.59] /m Information: Information: constraint name 'minSpacing' of layer pair constraint is replaced by constraint name 'minClearance'.[line 841] (TECH_IO-090). (TECH_IO-098)
[12:16:19.59] /m Information: Information: constraint name 'minSpacing' of layer pair constraint is replaced by constraint name 'minClearance'.[line 843] (TECH_IO-090). (TECH_IO-098)
[12:16:19.59] /m Information: Information: constraint name 'minSpacing' of layer pair constraint is replaced by constraint name 'minClearance'.[line 844] (TECH_IO-090). (TECH_IO-098)
[12:16:19.59] /m Information: Information: constraint name 'minSpacing' of layer pair constraint is replaced by constraint name 'minClearance'.[line 845] (TECH_IO-090). (TECH_IO-098)
[12:16:19.59] /m Information: Information: constraint name 'minSpacing' of layer pair constraint is replaced by constraint name 'minClearance'.[line 846] (TECH_IO-090). (TECH_IO-098)
[12:16:19.59] /m Information: Information: constraint name 'minSpacing' of layer pair constraint is replaced by constraint name 'minClearance'.[line 848] (TECH_IO-090). (TECH_IO-098)
[12:16:19.59] /m Information: Information: constraint name 'minSpacing' of layer pair constraint is replaced by constraint name 'minClearance'.[line 853] (TECH_IO-090). (TECH_IO-098)
[12:16:19.59] /m Information: Information: constraint name 'minSpacing' of layer pair constraint is replaced by constraint name 'minClearance'.[line 855] (TECH_IO-090). (TECH_IO-098)
[12:16:19.59] /m Information: Information: constraint name 'minSpacing' of layer pair constraint is replaced by constraint name 'minClearance'.[line 856] (TECH_IO-090). (TECH_IO-098)
[12:16:19.59] /m Information: Information: constraint name 'minSpacing' of layer pair constraint is replaced by constraint name 'minClearance'.[line 857] (TECH_IO-090). (TECH_IO-098)
[12:16:19.60] /m Information: Information: constraint name 'validLayers' of simple constraint is replaced by constraint name 'validRoutingLayers'.[line 983] (TECH_IO-090). (TECH_IO-098)
[12:16:19.60] /w Warning: Section leRules is not supported by tech parser,  and skipped.  line[1037] (TECH_IO-076)
[12:16:19.62] /w Warning: standViaDef DIFFCON: cut layer CO mask number 23 is not between via layers DIFF(2), M1(6). (TECH_IO-096)
[12:16:19.62] /w Warning: standViaDef VIA78: cut layer VIA7 mask number 21 is not between via layers M7(18), M8(19). (TECH_IO-096)
[12:16:19.62] /w Warning: standViaDef VIA89: cut layer VIA8 mask number 22 is not between via layers M8(19), M9(20). (TECH_IO-096)
[12:16:19.62] /m Information: creating new layer pair constraint definition minEnclosure (TECH_IO-050)
[12:16:19.63] /m Information: creating new layer pair constraint definition endOfLineEnclosure (TECH_IO-050)
[12:16:19.65] /m Information: Technology file /usr/local/synopsys/pdk/SAED_PDK90nm/techfiles/saed90nm_1p9m_cd.tf is successfully imported into lib winsons_library. (TECH_IO-099)
[12:16:19.66] /# oa::close [oa::TechFind [oa::ScalarName [oa::CdbaNS] winsons\_library]]
[12:16:32.40] /i gi::setItemSelection {libs} -index {} -in [gi::getWindows 1]
[12:16:32.81] /i gi::setCurrentIndex {libs} -index {winsons_library} -in [gi::getWindows 1]
[12:16:32.88] /i gi::setItemSelection {libs} -index {winsons_library} -in [gi::getWindows 1]
[12:16:36.28] /i gi::setCurrentIndex {cellCategories} -index {All} -in [gi::getWindows 1]
[12:16:42.98] /# gi::executeAction dmShowNewCellView -in [gi::getWindows 1]
[12:16:42.98] /i dm::showNewCellView -parent 1
[12:16:43.33] /o oa:0x229c6890
[12:16:43.85] /i gi::setActiveDialog [gi::getDialogs {dmNewCellView} -parent [gi::getWindows 1]]
[12:16:44.13] /i db::setAttr geometry -of [gi::getDialogs {dmNewCellView} -parent [gi::getWindows 1]] -value 588x336+153+165
[12:16:57.22] /i gi::setField {cellName} -value {inverter} -in [gi::getDialogs {dmNewCellView} -parent [gi::getWindows 1]]
[12:17:06.91] /i gi::pressButton {ok} -in [gi::getDialogs {dmNewCellView} -parent [gi::getWindows 1]]
[12:17:06.95] /# db::getAttr viewType -of [dm::findCellView schematic -cell [dm::findCell inverter -lib [oa::LibFind [oa::ScalarName [oa::CdbaNS] winsons\_library]]]]
[12:17:06.96] /# dm::createCellView schematic -cell [dm::findCell inverter -lib [ oa::LibFind [oa::ScalarName [oa::CdbaNS] winsons\_library]]] -viewType schematic
[12:17:06.97] /# de::open [dm::findCellView schematic -cell [dm::findCell inverter -lib [oa::LibFind [oa::ScalarName [oa::CdbaNS] winsons\_library]]]] -application seSchematic
[12:17:07.03] /m Information: License 'Schematic Editor' checked out. (LICENSE-003)
[12:17:07.10] /r giWindowId 2
[12:17:07.10] /r giWindowGeometry 1575x947
[12:17:12.01] /i db::setAttr geometry -of [gi::getFrames 2] -value 1575x947+67+57
[12:17:26.19] /i gi::setActiveWindow 0
[12:17:26.23] /i gi::setActiveWindow 0 -raise true
[12:17:42.06] /# gi::executeAction dbShowTechnologyManager -in [gi::getWindows 0]
[12:17:42.06] /i db::showManageTechnology
[12:17:42.11] /r giWindowId 3
[12:17:42.12] /r giWindowGeometry 350x400
[12:17:42.12] /o 	############################################
[12:17:42.12] /o 	--------------------------------------------
[12:17:42.13] /o 	PDK Name................... : SAED_PDK_90
[12:17:42.13] /o 	PDK Release Date........... : 29-Sep-2015
[12:17:42.13] /o 	PDK Custom Designer Version : J-2014.12-2
[12:17:42.13] /o 	--------------------------------------------
[12:17:42.13] /o 	############################################
[12:17:42.13] /o 
[12:17:42.13] /w Warning: Preference 'leActiveLPP' is deprecated and scheduled for removal in a future release with no replacement. For migration assistance, see the Custom Designer Tcl Reference Manual. (PREFERENCE-058)
[12:17:42.14] /o SAED PDK 90: Loaded callbacks
[12:17:42.14] /o SAED PDK 90: Loaded display resources
[12:17:42.15] /w Warning: Conflicting definitions for ConstraintDef minEnclosure were read. These constraints will not be available.
[12:17:42.15] /w Warning: Conflicting definitions for ConstraintDef endOfLineEnclosure were read. These constraints will not be available.
[12:17:42.15] /w Warning: Conflicting definitions for ConstraintDef defWidth were read. These constraints will not be available.
[12:17:42.41] /# gi::setItemSelection {techTechnologyManagerLibWidget} -index {{SAED_PDK_90}} -in [gi::getWindows 3]
[12:17:42.41] /# gi::setItemSelection {techTechnologyManagerLibWidget} -index {} -in [gi::getWindows 3]
[12:17:42.41] /# gi::setItemSelection {techTechnologyManagerLibWidget} -index {{winsons_library}} -in [gi::getWindows 3]
[12:17:42.41] /o oa:0x25ea23e0
[12:17:42.92] /i db::setAttr geometry -of [gi::getFrames 3] -value 454x415+105+95
[12:17:48.24] /i gi::setCurrentIndex {techTechnologyManagerLibWidget} -index {winsons_library , Attachment} -in [gi::getWindows 3]
[12:17:50.71] /i gi::setField {techTechnologyManagerLibWidget} -value {SAED_PDK_90} -index {winsons_library,Attachment} -in [gi::getWindows 3]
[12:18:06.88] /i gi::executeAction giCloseWindow -in [gi::getWindows 3]
[12:18:07.04] /i gi::setActiveWindow 0
[12:18:07.08] /i gi::setActiveWindow 0 -raise true
[12:18:10.28] /# gi::executeAction dbShowTechnologyManager -in [gi::getWindows 0]
[12:18:10.28] /i db::showManageTechnology
[12:18:10.32] /r giWindowId 4
[12:18:10.33] /r giWindowGeometry 350x400
[12:18:10.55] /# gi::setItemSelection {techTechnologyManagerLibWidget} -index {{SAED_PDK_90}} -in [gi::getWindows 4]
[12:18:10.55] /# gi::setItemSelection {techTechnologyManagerLibWidget} -index {} -in [gi::getWindows 4]
[12:18:10.55] /# gi::setItemSelection {techTechnologyManagerLibWidget} -index {{winsons_library}} -in [gi::getWindows 4]
[12:18:10.55] /o oa:0x25ec9740
[12:18:11.34] /i db::setAttr geometry -of [gi::getFrames 4] -value 454x415+105+95
[12:18:12.58] /i gi::executeAction giCloseWindow -in [gi::getWindows 4]
[12:18:13.14] /i gi::setActiveWindow 0
[12:18:13.18] /i gi::setActiveWindow 0 -raise true
[12:18:17.07] /i gi::setActiveWindow 2
[12:18:17.10] /i gi::setActiveWindow 2 -raise true
[12:18:53.64] /# gi::executeAction seCreateInst -in [gi::getWindows 2]
[12:18:53.64] /i ise::createInst
[12:18:54.32] /i gi::setActiveDialog [gi::getDialogs {seCreateInst} -parent [gi::getWindows 2]]
[12:18:54.98] /i db::setAttr geometry -of [gi::getDialogs {seCreateInst}] -value 357x355+676+254
[12:18:57.89] /i gi::setField {instMasterLib} -value {SAED_PDK_90} -in [gi::getDialogs {seCreateInst} -parent [gi::getWindows 2]]
[12:18:58.39] /i db::setAttr geometry -of [gi::getDialogs {seCreateInst}] -value 357x355+676+254
[12:19:18.91] /i gi::setField {instMasterCell} -value {pmos4t} -in [gi::getDialogs {seCreateInst} -parent [gi::getWindows 2]]
[12:19:19.26] /i db::setAttr geometry -of [gi::getDialogs {seCreateInst}] -value 357x597+676+254
[12:19:22.94] /i gi::setItemSelection {parameters} -index {w,all} -in [gi::getDialogs {seCreateInst} -parent [gi::getWindows 2]]
[12:19:23.08] /i gi::setCurrentIndex {parameters} -index {w,Prompt} -in [gi::getDialogs {seCreateInst} -parent [gi::getWindows 2]]
[12:19:23.83] /i gi::setCurrentIndex {parameters} -index {w,Value} -in [gi::getDialogs {seCreateInst} -parent [gi::getWindows 2]]
[12:19:26.19] /# gi::executeAction deRemovePoint -in [gi::getWindows 2]
[12:19:26.19] /i de::removePoint {4.83125 1.8125} -window 2
[12:19:34.75] /i gi::setItemSelection {parameters} -index {w,all} -in [gi::getDialogs {seCreateInst} -parent [gi::getWindows 2]]
[12:19:34.86] /i gi::setCurrentIndex {parameters} -index {w,Value} -in [gi::getDialogs {seCreateInst} -parent [gi::getWindows 2]]
[12:19:40.96] /o WARNING 0009> The value of "w" "0.0" < 0.12 min value...
[12:19:40.96] /o 		Resetting "w"  to min value.
[12:19:40.96] /i gi::setField {parameters} -value {0.05u} -index {w,Value} -in [gi::getDialogs {seCreateInst} -parent [gi::getWindows 2]]
[12:19:41.01] /i gi::setItemSelection {parameters} -index {m,all} -in [gi::getDialogs {seCreateInst} -parent [gi::getWindows 2]]
[12:19:41.15] /i gi::setCurrentIndex {parameters} -index {m,Prompt} -in [gi::getDialogs {seCreateInst} -parent [gi::getWindows 2]]
[12:19:43.13] /i gi::setItemSelection {parameters} -index {w,all} -in [gi::getDialogs {seCreateInst} -parent [gi::getWindows 2]]
[12:19:43.24] /i gi::setCurrentIndex {parameters} -index {w,Value} -in [gi::getDialogs {seCreateInst} -parent [gi::getWindows 2]]
[12:19:47.13] /o WARNING 0009> The value of "w" "0.0" < 0.12 min value...
[12:19:47.13] /o 		Resetting "w"  to min value.
[12:19:47.13] /i gi::setField {parameters} -value {0.05u} -index {w,Value} -in [gi::getDialogs {seCreateInst} -parent [gi::getWindows 2]]
[12:20:03.92] /i gi::setField {parameters} -value {0.5u} -index {w,Value} -in [gi::getDialogs {seCreateInst} -parent [gi::getWindows 2]]
[12:20:04.35] /# gi::executeAction deCompleteShapeHere -in [gi::getWindows 2]
[12:20:04.35] /i de::completeShape {4.48125 0.4} -window 2
[12:20:13.53] /i db::setAttr geometry -of [gi::getDialogs {seCreateInst}] -value 357x597+677+254
[12:21:29.92] /# gi::executeAction deAddPoint -in [gi::getWindows 2]
[12:21:29.92] /i de::addPoint {0.06875 1.8} -window 2
[12:21:33.02] /i gi::pressButton {cancel} -in [gi::getDialogs {seCreateInst} -parent [gi::getWindows 2]]
[12:21:39.97] /# gi::executeAction seCreateInst -in [gi::getWindows 2]
[12:21:39.97] /i ise::createInst
[12:21:40.35] /o 0
[12:21:40.84] /i gi::setActiveDialog [gi::getDialogs {seCreateInst} -parent [gi::getWindows 2]]
[12:21:41.05] /i db::setAttr geometry -of [gi::getDialogs {seCreateInst}] -value 357x597+667+246
[12:22:03.30] /i gi::setField {instMasterCell} -value {nmos4t} -in [gi::getDialogs {seCreateInst} -parent [gi::getWindows 2]]
[12:22:03.80] /i db::setAttr geometry -of [gi::getDialogs {seCreateInst}] -value 357x597+667+246
[12:22:04.79] /i gi::setItemSelection {parameters} -index {w,all} -in [gi::getDialogs {seCreateInst} -parent [gi::getWindows 2]]
[12:22:04.90] /i gi::setCurrentIndex {parameters} -index {w,Value} -in [gi::getDialogs {seCreateInst} -parent [gi::getWindows 2]]
[12:22:11.06] /i gi::setField {parameters} -value {0.25u} -index {w,Value} -in [gi::getDialogs {seCreateInst} -parent [gi::getWindows 2]]
[12:22:11.10] /i gi::pressButton {cancel} -in [gi::getDialogs {seCreateInst} -parent [gi::getWindows 2]]
[12:22:20.89] /# gi::executeAction seCreateInst -in [gi::getWindows 2]
[12:22:20.89] /i ise::createInst
[12:22:21.16] /o 0
[12:22:21.69] /i gi::setActiveDialog [gi::getDialogs {seCreateInst} -parent [gi::getWindows 2]]
[12:22:22.26] /i db::setAttr geometry -of [gi::getDialogs {seCreateInst}] -value 357x597+667+276
[12:22:23.90] /i gi::setItemSelection {parameters} -index {w,all} -in [gi::getDialogs {seCreateInst} -parent [gi::getWindows 2]]
[12:22:24.02] /i gi::setCurrentIndex {parameters} -index {w,Value} -in [gi::getDialogs {seCreateInst} -parent [gi::getWindows 2]]
[12:22:27.68] /i gi::setField {parameters} -value {0.25u} -index {w,Value} -in [gi::getDialogs {seCreateInst} -parent [gi::getWindows 2]]
[12:22:34.18] /# gi::executeAction deAddPoint -in [gi::getWindows 2]
[12:22:34.18] /i de::addPoint {0.08125 1.0875} -window 2
[12:22:38.13] /i gi::closeWindows [gi::getDialogs {seCreateInst} -parent [gi::getWindows 2]]
[12:24:15.00] /# gi::executeAction seSchCreateWire -in [gi::getWindows 2]
[12:24:15.00] /i ise::createWire
[12:24:16.79] /# gi::executeAction deStartDrag -in [gi::getWindows 2]
[12:24:16.79] /i de::startDrag {0.08125 1.7875} -window 2
[12:24:16.85] /i de::setCursor -point {-0.0625 1.8125 }
[12:24:19.59] /# gi::executeAction deEndDrag -in [gi::getWindows 2]
[12:24:19.59] /i de::endDrag {0.05625 1.05625} -window 2
[12:24:21.14] /# gi::executeAction deStartDrag -in [gi::getWindows 2]
[12:24:21.14] /i de::startDrag {0.0125 1.4125} -window 2
[12:24:22.38] /# gi::executeAction deEndDrag -in [gi::getWindows 2]
[12:24:22.38] /i de::endDrag {-0.21875 1.425} -window 2
[12:24:24.26] /i de::setCursor -point {-0.25 1.375 }
[12:24:25.18] /# gi::executeAction deAddPoint -in [gi::getWindows 2]
[12:24:25.18] /i de::addPoint {-0.25625 1.41875} -window 2
[12:24:31.44] /# gi::executeAction deStartDrag -in [gi::getWindows 2]
[12:24:31.44] /i de::startDrag {0.33125 2.00625} -window 2
[12:24:32.62] /# gi::executeAction deEndDrag -in [gi::getWindows 2]
[12:24:32.62] /i de::endDrag {0.3125 2.4875} -window 2
[12:24:33.29] /i de::setCursor -point {0.375 2.5625 }
[12:24:33.41] /i de::setCursor -point {0.8125 2.9375 }
[12:24:34.29] /# gi::executeAction deAbortCommand -in [gi::getWindows 2]
[12:24:34.29] /i de::abortCommand -window 2
[12:24:38.01] /i ise::createWire -object [de::getActiveFigure [gi::getWindows 2] -point {0.3 0.875} -index 0 -intent none] -point {0.3 0.875}
[12:24:38.06] /i de::setCursor -point {0.3125 0.8125 }
[12:24:39.77] /# gi::executeAction deEndDrag -in [gi::getWindows 2]
[12:24:39.77] /i de::endDrag {0.29375 0.5125} -window 2
[12:24:40.26] /i gi::executeAction deCanvasDragCancel -in [gi::getWindows 2]
[12:24:41.56] /# gi::executeAction deSelectActive -in [gi::getWindows 2]
[12:24:46.63] /i ise::createWire -object [de::getActiveFigure [gi::getWindows 2] -point {0.31875 1.59375} -index 0 -intent none] -point {0.31875 1.59375}
[12:24:46.69] /i de::setCursor -point {0.3125 1.5 }
[12:24:48.31] /# gi::executeAction deEndDrag -in [gi::getWindows 2]
[12:24:48.31] /i de::endDrag {0.30625 1.25625} -window 2
[12:24:50.72] /# gi::executeAction seStretchDirect -in [gi::getWindows 2]
[12:24:50.72] /i ise::stretch -object [de::getActiveFigure [gi::getWindows 2] -point {0.3375 1.425} -index 0 -intent none] -point {0.3125 1.4375}
[12:24:53.43] /# gi::executeAction deEndDrag -in [gi::getWindows 2]
[12:24:53.43] /i de::endDrag {0.3125 1.38125} -window 2
[12:24:57.81] /# gi::executeAction deSelectByWindow -in [gi::getWindows 2]
[12:24:57.81] /i de::deselectAll [db::getNext [de::getContexts -window 2]]; ide::selectByRegion -region rectangle -select true -point {0.8125 1.4375} 
[12:24:58.94] /# gi::executeAction deEndDrag -in [gi::getWindows 2]
[12:24:58.94] /i de::endDrag {0.4 1.39375} -window 2
[12:25:00.22] /# gi::executeAction deSelectActive -in [gi::getWindows 2]
[12:25:00.22] /i de::select [de::getActiveFigure [gi::getWindows 2] -point {0.31875 1.40625} -index 0 -intent none] -replace true
[12:25:00.26] /o oa:0x25ee7f90
[12:25:02.08] /# gi::executeAction deSelectActive -in [gi::getWindows 2]
[12:25:02.08] /i de::cycleActiveFigure [gi::getWindows 2] -direction next
[12:25:02.14] /o oa:0x25d60d20
[12:25:02.14] /i de::select [de::getActiveFigure [gi::getWindows 2] -point {0.325 1.425} -index 0 -intent none] -replace true
[12:25:02.19] /o oa:0x25edbec0
[12:25:03.85] /# gi::executeAction seStretchDirect -in [gi::getWindows 2]
[12:25:03.85] /i ise::stretch -point {0.3125 1.4375}
[12:25:05.59] /# gi::executeAction deEndDrag -in [gi::getWindows 2]
[12:25:05.59] /i de::endDrag {0.325 1.4125} -window 2
[12:25:06.95] /# gi::executeAction deSelectByWindow -in [gi::getWindows 2]
[12:25:06.95] /i de::deselectAll [db::getNext [de::getContexts -window 2]]; ide::selectByRegion -region rectangle -select true -point {0.6875 1.4375} 
[12:25:08.25] /# gi::executeAction deEndDrag -in [gi::getWindows 2]
[12:25:08.25] /i de::endDrag {0.4125 1.41875} -window 2
[12:25:10.58] /# gi::executeAction seSchCreateWire -in [gi::getWindows 2]
[12:25:10.58] /i ise::createWire
[12:25:12.72] /# gi::executeAction deAddPoint -in [gi::getWindows 2]
[12:25:12.72] /i de::addPoint {0.3375 1.43125} -window 2
[12:25:12.91] /i de::setCursor -point {0.375 1.4375 }
[12:25:14.43] /# gi::executeAction deAddPoint -in [gi::getWindows 2]
[12:25:14.43] /i de::addPoint {0.83125 1.425} -window 2
[12:25:16.02] /# gi::executeAction deAbortCommand -in [gi::getWindows 2]
[12:25:16.02] /i de::abortCommand -window 2
[12:25:29.01] /# gi::executeAction seSchCreateWire -in [gi::getWindows 2]
[12:25:29.01] /i ise::createWire
[12:25:31.19] /# gi::executeAction deAddPoint -in [gi::getWindows 2]
[12:25:31.19] /i de::addPoint {0.30625 1.975} -window 2
[12:25:31.37] /i de::setCursor -point {0.375 2 }
[12:25:31.86] /i de::setCursor -point {0.4375 1.875 }
[12:25:32.01] /i de::setCursor -point {0.375 1.875 }
[12:25:34.90] /# gi::executeAction deAddPoint -in [gi::getWindows 2]
[12:25:34.90] /i de::addPoint {0.6625 1.84375} -window 2
[12:25:35.11] /i de::setCursor -point {0.625 1.875 }
[12:25:38.90] /# gi::executeAction deAddPoint -in [gi::getWindows 2]
[12:25:38.90] /i de::addPoint {0.31875 1.8375} -window 2
[12:25:39.41] /i de::setCursor -point {0.375 1.6875 }
[12:25:41.67] /i de::setCursor -point {0.4375 1.75 }
[12:25:42.06] /i de::setCursor -point {0.3125 1.75 }
[12:25:47.10] /# gi::executeAction deAbortCommand -in [gi::getWindows 2]
[12:25:47.10] /i de::abortCommand -window 2
[12:25:50.02] /# gi::executeAction deSelectActive -in [gi::getWindows 2]
[12:25:50.02] /i de::select [de::getActiveFigure [gi::getWindows 2] -point {0.31875 0.85625} -index 0 -intent none] -replace true
[12:25:50.06] /o oa:0x25dd9640
[12:25:54.12] /# gi::executeAction seSchCreateWire -in [gi::getWindows 2]
[12:25:54.12] /i ise::createWire
[12:25:55.55] /# gi::executeAction deAddPoint -in [gi::getWindows 2]
[12:25:55.55] /i de::addPoint {0.3125 1.00625} -window 2
[12:25:55.70] /i de::setCursor -point {0.375 1 }
[12:25:56.13] /i de::setCursor -point {0.4375 0.875 }
[12:25:56.40] /i de::setCursor -point {0.375 0.875 }
[12:25:57.16] /i de::setCursor -point {0.4375 0.875 }
[12:25:57.22] /i de::setCursor -point {0.4375 0.9375 }
[12:26:01.66] /# gi::executeAction deAddPoint -in [gi::getWindows 2]
[12:26:01.66] /i de::addPoint {0.66875 0.99375} -window 2
[12:26:01.80] /i de::setCursor -point {0.6875 0.9375 }
[12:26:01.87] /i de::setCursor -point {0.625 0.9375 }
[12:26:01.94] /i de::setCursor -point {0.625 0.875 }
[12:26:03.36] /i de::setCursor -point {0.5625 0.875 }
[12:26:03.44] /i de::setCursor -point {0.5 0.875 }
[12:26:06.58] /# gi::executeAction deAddPoint -in [gi::getWindows 2]
[12:26:06.58] /i de::addPoint {0.31875 0.875} -window 2
[12:26:07.83] /# gi::executeAction deAbortCommand -in [gi::getWindows 2]
[12:26:07.83] /i de::abortCommand -window 2
[12:27:07.23] /# gi::executeAction seSchCreateWire -in [gi::getWindows 2]
[12:27:07.23] /i ise::createWire
[12:27:08.53] /# gi::executeAction seSchCreateWire -in [gi::getWindows 2]
[12:27:08.53] /i ise::createWire
[12:27:08.62] /# gi::executeAction seSchCreateWire -in [gi::getWindows 2]
[12:27:08.62] /i ise::createWire
[12:27:18.62] /# gi::executeAction seSchCreateWire -in [gi::getWindows 2]
[12:27:18.62] /i ise::createWire
[12:27:19.12] /# gi::executeAction seSchCreateWire -in [gi::getWindows 2]
[12:27:19.12] /i ise::createWire
[12:27:19.32] /# gi::executeAction seSchCreateWire -in [gi::getWindows 2]
[12:27:19.32] /i ise::createWire
[12:27:35.65] /# gi::executeAction deStartDrag -in [gi::getWindows 2]
[12:27:35.65] /i de::startDrag {0.0125 1.43125} -window 2
[12:27:35.69] /i de::setCursor -point {-0.125 1.4375 }
[12:27:36.64] /# gi::executeAction deEndDrag -in [gi::getWindows 2]
[12:27:36.64] /i de::endDrag {-0.21875 1.4125} -window 2
[12:27:41.34] /# gi::executeAction seSchCreateWireName -in [gi::getWindows 2]
[12:27:41.34] /i ise::createWireName
[12:27:44.31] /i gi::setField {wireNameName} -value {VIN} -in [gi::getToolbars {deCommandOptions} -from [gi::getWindows 2]]
[12:27:47.45] /# gi::executeAction deAddPoint -in [gi::getWindows 2]
[12:27:47.45] /i de::addPoint {-0.16875 1.4625} -window 2
[12:27:55.92] /i gi::setField {wireNameName} -value {} -in [gi::getToolbars {deCommandOptions} -from [gi::getWindows 2]]
[12:28:00.08] /i gi::setField {wireNameName} -value {VOUT} -in [gi::getToolbars {deCommandOptions} -from [gi::getWindows 2]]
[12:28:05.49] /# gi::executeAction deAddPoint -in [gi::getWindows 2]
[12:28:05.49] /i de::addPoint {0.6375 1.45} -window 2
[12:28:12.68] /i gi::setField {wireNameName} -value {} -in [gi::getToolbars {deCommandOptions} -from [gi::getWindows 2]]
[12:28:14.28] /i gi::setField {wireNameName} -value {VDD} -in [gi::getToolbars {deCommandOptions} -from [gi::getWindows 2]]
[12:28:15.58] /# gi::executeAction deAddPoint -in [gi::getWindows 2]
[12:28:15.58] /i de::addPoint {0.3 2.2625} -window 2
[12:28:17.47] /i gi::setField {wireNameName} -value {VS} -in [gi::getToolbars {deCommandOptions} -from [gi::getWindows 2]]
[12:28:17.51] /i gi::executeAction deObjectActivation -in [gi::getWindows 2]
[12:28:17.71] /# gi::executeAction dbShowFindReplace -in [gi::getWindows 2]
[12:28:17.71] /i db::showFindReplace -parent 2
[12:28:17.75] /r giWindowId 5
[12:28:17.76] /r giWindowGeometry 580x620
[12:28:18.20] /o oa:0x262f3810
[12:28:18.24] /i gi::executeAction deObjectActivation -in [gi::getWindows 2]
[12:28:19.04] /i db::setAttr geometry -of [gi::getFrames 5] -value 610x620+105+95
[12:28:19.87] /i gi::executeAction giCloseWindow -in [gi::getWindows 5]
[12:28:20.37] /i gi::setActiveWindow 2
[12:28:20.42] /i gi::setActiveWindow 2 -raise true
[12:28:21.97] /i gi::setField {wireNameName} -value {VSS} -in [gi::getToolbars {deCommandOptions} -from [gi::getWindows 2]]
[12:28:24.06] /# gi::executeAction deAddPoint -in [gi::getWindows 2]
[12:28:24.06] /i de::addPoint {0.31875 0.6125} -window 2
[12:28:31.48] /# gi::executeAction deZoomInAtPoint -in [gi::getWindows 2]
[12:28:31.48] /i de::zoom -window 2 -factor 2.0 -center {0.45625 0.93125}
[12:28:31.56] /o {-0.4875 0.08125} {4.3 2.65625}
[12:28:31.69] /# gi::executeAction deZoomInAtPoint -in [gi::getWindows 2]
[12:28:31.69] /i de::zoom -window 2 -factor 2.0 -center {0.46875 0.9}
[12:28:31.76] /o {-0.0125 0.4875} {2.38125 1.78125}
[12:28:31.81] /# gi::executeAction deZoomInAtPoint -in [gi::getWindows 2]
[12:28:31.81] /i de::zoom -window 2 -factor 2.0 -center {0.475 0.8875}
[12:28:31.89] /o {0.23125 0.6875} {1.43125 1.33125}
[12:28:32.11] /# gi::executeAction deZoomInAtPoint -in [gi::getWindows 2]
[12:28:32.11] /i de::zoom -window 2 -factor 2.0 -center {0.475 0.88125}
[12:28:32.22] /o {0.35625 0.7875} {0.95 1.10625}
[12:28:32.53] /# gi::executeAction deZoomOutAtPoint -in [gi::getWindows 2]
[12:28:32.53] /i de::zoom -window 2 -factor 0.5 -center {0.475 0.875}
[12:28:32.63] /o {0.23125 0.69375} {1.43125 1.3375}
[12:28:32.67] /# gi::executeAction deZoomOutAtPoint -in [gi::getWindows 2]
[12:28:32.67] /i de::zoom -window 2 -factor 0.5 -center {0.46875 0.88125}
[12:28:32.75] /o {-0.00625 0.50625} {2.3875 1.8}
[12:28:32.93] /# gi::executeAction deZoomOutAtPoint -in [gi::getWindows 2]
[12:28:32.93] /i de::zoom -window 2 -factor 0.5 -center {0.475 0.88125}
[12:28:33.02] /o {-0.48125 0.1375} {4.30625 2.7125}
[12:28:35.19] /# gi::executeAction deStartDrag -in [gi::getWindows 2]
[12:28:35.19] /i de::startDrag {0.30625 0.8125} -window 2
[12:28:36.14] /# gi::executeAction deEndDrag -in [gi::getWindows 2]
[12:28:36.14] /i de::endDrag {0.33125 0.8} -window 2
[12:28:36.64] /# gi::executeAction deAddPoint -in [gi::getWindows 2]
[12:28:36.64] /i de::addPoint {0.31875 0.8} -window 2
[12:28:36.82] /i de::select [se::getNetComponents [de::getActiveFigure [gi::getWindows 2] -point {0.31875 0.8} -index 0 -intent none] -of branch]
[12:28:36.86] /o oa:0x25dc95b0
[12:28:38.34] /# gi::executeAction deStartDrag -in [gi::getWindows 2]
[12:28:38.34] /i de::startDrag {0.31875 0.8} -window 2
[12:28:39.02] /# gi::executeAction deEndDrag -in [gi::getWindows 2]
[12:28:39.02] /i de::endDrag {0.30625 0.8} -window 2
[12:28:40.39] /# gi::executeAction deAddPoint -in [gi::getWindows 2]
[12:28:40.39] /i de::addPoint {0.69375 0.8125} -window 2
[12:28:41.23] /# gi::executeAction deStartDrag -in [gi::getWindows 2]
[12:28:41.23] /i de::startDrag {0.63125 0.80625} -window 2
[12:28:41.93] /# gi::executeAction deEndDrag -in [gi::getWindows 2]
[12:28:41.93] /i de::endDrag {0.6375 0.88125} -window 2
[12:28:42.70] /# gi::executeAction deStartDrag -in [gi::getWindows 2]
[12:28:42.70] /i de::startDrag {0.6875 0.8875} -window 2
[12:28:42.91] /# gi::executeAction deEndDrag -in [gi::getWindows 2]
[12:28:42.91] /i de::endDrag {0.75625 0.8875} -window 2
[12:28:43.97] /i gi::setField {wireNameName} -value {} -in [gi::getToolbars {deCommandOptions} -from [gi::getWindows 2]]
[12:28:45.70] /# gi::executeAction seSchCreateWire -in [gi::getWindows 2]
[12:28:45.70] /i ise::createWire
[12:28:48.34] /# gi::executeAction deStartDrag -in [gi::getWindows 2]
[12:28:48.34] /i de::startDrag {0.325 0.79375} -window 2
[12:28:48.48] /i de::setCursor -point {0.4375 0.875 }
[12:28:49.86] /# gi::executeAction deEndDrag -in [gi::getWindows 2]
[12:28:49.86] /i de::endDrag {0.64375 0.7625} -window 2
[12:28:50.47] /# gi::executeAction deAbortCommand -in [gi::getWindows 2]
[12:28:50.47] /i de::abortCommand -window 2
[12:28:52.83] /# gi::executeAction deSelectActive -in [gi::getWindows 2]
[12:28:52.83] /i de::select [de::getActiveFigure [gi::getWindows 2] -point {0.6375 0.8} -index 0 -intent none] -replace true
[12:28:52.87] /o oa:0x25e83860
[12:28:53.92] /# gi::executeAction seDelete -in [gi::getWindows 2]
[12:28:53.92] /i ise::delete
[12:28:54.95] /# gi::executeAction deDefaultCommandOption -in [gi::getWindows 2]
[12:28:54.95] /i de::commandOption default -point {0.6375 0.8} -window 2
[12:28:56.25] /# gi::executeAction deAddPoint -in [gi::getWindows 2]
[12:28:56.25] /i de::addPoint {0.625 0.79375} -window 2
[12:28:58.07] /# gi::executeAction deAddPoint -in [gi::getWindows 2]
[12:28:58.07] /i de::addPoint {0.31875 0.79375} -window 2
[12:29:00.63] /# gi::executeAction deStartDrag -in [gi::getWindows 2]
[12:29:00.63] /i de::startDrag {0.31875 0.8} -window 2
[12:29:01.40] /# gi::executeAction deEndDrag -in [gi::getWindows 2]
[12:29:01.40] /i de::endDrag {0.30625 0.6375} -window 2
[12:29:02.75] /i gi::executeAction deObjectActivation -in [gi::getWindows 2]
[12:29:02.89] /# gi::executeAction deZoomIn -in [gi::getWindows 2]
[12:29:02.89] /i de::zoom -window 2 -factor 2.0
[12:29:02.96] /o {0.7125 0.78125} {3.10625 2.06875}
[12:29:03.93] /i gi::executeAction deObjectActivation -in [gi::getWindows 2]
[12:29:04.22] /# gi::executeAction deZoomOutAtPoint -in [gi::getWindows 2]
[12:29:04.22] /i de::zoom -window 2 -factor 0.5 -center {1.25625 1.09375}
[12:29:04.31] /o {0.16875 0.46875} {4.95625 3.04375}
[12:29:04.36] /# gi::executeAction deZoomOutAtPoint -in [gi::getWindows 2]
[12:29:04.36] /i de::zoom -window 2 -factor 0.5 -center {1.25625 1.09375}
[12:29:04.44] /o {-0.91875 -0.15625} {8.65625 5.0}
[12:29:04.44] /# gi::executeAction deZoomOutAtPoint -in [gi::getWindows 2]
[12:29:04.44] /i de::zoom -window 2 -factor 0.5 -center {1.2875 1.09375}
[12:29:04.51] /o {-3.125 -1.4125} {16.025 8.9}
[12:29:04.64] /# gi::executeAction deZoomOutAtPoint -in [gi::getWindows 2]
[12:29:04.64] /i de::zoom -window 2 -factor 0.5 -center {1.275 1.0875}
[12:29:04.71] /o {-7.525 -3.9125} {30.775 16.7125}
[12:29:04.71] /# gi::executeAction deZoomOutAtPoint -in [gi::getWindows 2]
[12:29:04.71] /i de::zoom -window 2 -factor 0.5 -center {1.325 1.1125}
[12:29:04.80] /o {-16.375 -8.9375} {60.225 32.3125}
[12:29:04.80] /# gi::executeAction deZoomOutAtPoint -in [gi::getWindows 2]
[12:29:04.80] /i de::zoom -window 2 -factor 0.5 -center {1.325 1.1125}
[12:29:04.87] /o {-34.075 -18.9875} {119.125 63.5125}
[12:29:04.88] /# gi::executeAction deZoomOutAtPoint -in [gi::getWindows 2]
[12:29:04.88] /i de::zoom -window 2 -factor 0.5 -center {1.325 1.1125}
[12:29:04.95] /o {-69.475 -39.0875} {236.925 125.9125}
[12:29:05.03] /# gi::executeAction deZoomOutAtPoint -in [gi::getWindows 2]
[12:29:05.03] /i de::zoom -window 2 -factor 0.5 -center {1.325 1.1125}
[12:29:05.12] /o {-140.275 -79.2875} {472.525 250.7125}
[12:29:06.15] /# gi::executeAction deZoomInAtPoint -in [gi::getWindows 2]
[12:29:06.15] /i de::zoom -window 2 -factor 2.0 -center {16.525 -7.6875}
[12:29:06.23] /o {-61.875 -43.4875} {244.525 121.5125}
[12:29:06.28] /# gi::executeAction deZoomInAtPoint -in [gi::getWindows 2]
[12:29:06.28] /i de::zoom -window 2 -factor 2.0 -center {16.525 -7.6875}
[12:29:06.35] /o {-22.675 -25.5875} {130.525 56.9125}
[12:29:06.51] /# gi::executeAction deZoomInAtPoint -in [gi::getWindows 2]
[12:29:06.51] /i de::zoom -window 2 -factor 2.0 -center {16.525 -7.6875}
[12:29:06.59] /o {-3.075 -16.6375} {73.525 24.6125}
[12:29:07.20] /i gi::executeAction deObjectActivation -in [gi::getWindows 2]
[12:29:07.32] /# gi::executeAction dePanWest -in [gi::getWindows 2]
[12:29:07.32] /i de::pan -direction W -multiplier 0.5
[12:29:07.39] /o {-41.375 -16.6375} {35.225 24.6125}
[12:29:07.49] /# gi::executeAction dePanWest -in [gi::getWindows 2]
[12:29:07.49] /i de::pan -direction W -multiplier 0.5
[12:29:07.56] /o {-79.675 -16.6375} {-3.075 24.6125}
[12:29:07.91] /i gi::executeAction deObjectActivation -in [gi::getWindows 2]
[12:29:09.09] /# gi::executeAction deZoomOutAtPoint -in [gi::getWindows 2]
[12:29:09.09] /i de::zoom -window 2 -factor 0.5 -center {-66.575 2.5125}
[12:29:09.17] /o {-92.775 -35.7875} {60.425 46.7125}
[12:29:09.21] /# gi::executeAction deZoomOutAtPoint -in [gi::getWindows 2]
[12:29:09.21] /i de::zoom -window 2 -factor 0.5 -center {-66.075 2.4125}
[12:29:09.29] /o {-119.475 -73.9875} {186.925 91.0125}
[12:29:09.95] /i gi::executeAction deObjectActivation -in [gi::getWindows 2]
[12:29:10.18] /i gi::executeAction deObjectActivation -in [gi::getWindows 2]
[12:29:10.34] /# gi::executeAction deZoomInAtPoint -in [gi::getWindows 2]
[12:29:10.34] /i de::zoom -window 2 -factor 2.0 -center {0.125 -2.5875}
[12:29:10.43] /o {-59.675 -38.2875} {93.525 44.2125}
[12:29:10.44] /# gi::executeAction deZoomInAtPoint -in [gi::getWindows 2]
[12:29:10.45] /i de::zoom -window 2 -factor 2.0 -center {0.125 -2.5875}
[12:29:10.52] /o {-29.775 -20.4375} {46.825 20.8125}
[12:29:10.60] /# gi::executeAction deZoomInAtPoint -in [gi::getWindows 2]
[12:29:10.60] /i de::zoom -window 2 -factor 2.0 -center {0.125 -2.5875}
[12:29:10.68] /o {-14.825 -11.5125} {23.475 9.1125}
[12:29:10.87] /# gi::executeAction deZoomInAtPoint -in [gi::getWindows 2]
[12:29:10.87] /i de::zoom -window 2 -factor 2.0 -center {0.125 -2.5875}
[12:29:10.98] /o {-7.35 -7.05} {11.8 3.2625}
[12:29:11.92] /# gi::executeAction deZoomInAtPoint -in [gi::getWindows 2]
[12:29:11.92] /i de::zoom -window 2 -factor 2.0 -center {0.4625 1.8}
[12:29:11.99] /o {-3.44375 -2.625} {6.13125 2.53125}
[12:29:12.07] /# gi::executeAction deZoomInAtPoint -in [gi::getWindows 2]
[12:29:12.08] /i de::zoom -window 2 -factor 2.0 -center {0.4625 1.7875}
[12:29:12.15] /o {-1.4875 -0.41875} {3.3 2.1625}
[12:29:13.18] /# gi::executeAction deZoomInAtPoint -in [gi::getWindows 2]
[12:29:13.18] /i de::zoom -window 2 -factor 2.0 -center {0.53125 1.41875}
[12:29:13.26] /o {-0.48125 0.5} {1.9125 1.7875}
[12:29:14.05] /# gi::executeAction deZoomOutAtPoint -in [gi::getWindows 2]
[12:29:14.05] /i de::zoom -window 2 -factor 0.5 -center {0.5125 1.35}
[12:29:14.13] /o {-1.46875 -0.35} {3.31875 2.23125}
[12:29:16.22] /# gi::executeAction deZoomInAtPoint -in [gi::getWindows 2]
[12:29:16.22] /i de::zoom -window 2 -factor 2.0 -center {0.3375 0.79375}
[12:29:16.31] /o {-0.56875 0.225} {1.825 1.5125}
[12:29:19.13] /# gi::executeAction deStartDrag -in [gi::getWindows 2]
[12:29:19.13] /i de::startDrag {0.31875 0.8375} -window 2
[12:29:19.87] /# gi::executeAction deEndDrag -in [gi::getWindows 2]
[12:29:19.87] /i de::endDrag {0.31875 0.88125} -window 2
[12:29:20.76] /# gi::executeAction deStartDrag -in [gi::getWindows 2]
[12:29:20.76] /i de::startDrag {0.3125 0.86875} -window 2
[12:29:21.64] /# gi::executeAction deEndDrag -in [gi::getWindows 2]
[12:29:21.64] /i de::endDrag {0.3125 0.65625} -window 2
[12:29:26.10] /# gi::executeAction seSchCreateWire -in [gi::getWindows 2]
[12:29:26.10] /i ise::createWire
[12:29:27.70] /# gi::executeAction deStartDrag -in [gi::getWindows 2]
[12:29:27.70] /i de::startDrag {0.31875 0.8625} -window 2
[12:29:27.74] /i de::setCursor -point {0.3125 0.8125 }
[12:29:28.55] /# gi::executeAction deEndDrag -in [gi::getWindows 2]
[12:29:28.55] /i de::endDrag {0.3 0.4875} -window 2
[12:29:29.81] /i de::setCursor -point {0.4375 0.5 }
[12:29:29.87] /i de::setCursor -point {0.3125 0.4375 }
[12:29:30.69] /# gi::executeAction deAddPoint -in [gi::getWindows 2]
[12:29:30.69] /i de::addPoint {0.3125 0.425} -window 2
[12:29:31.37] /i de::setCursor -point {0.375 0.5 }
[12:29:31.56] /i de::setCursor -point {0.5 0.5625 }
[12:29:32.06] /i de::setCursor -point {0.4375 0.3125 }
[12:29:32.12] /i de::setCursor -point {0.375 0.25 }
[12:29:32.67] /# gi::executeAction deAbortCommand -in [gi::getWindows 2]
[12:29:32.67] /i de::abortCommand -window 2
[12:29:34.04] /# gi::executeAction deSelectActive -in [gi::getWindows 2]
[12:29:34.04] /i de::select [de::getActiveFigure [gi::getWindows 2] -point {0.65 0.80625} -index 0 -intent none] -replace true
[12:29:34.08] /o oa:0x2635d0c0
[12:29:35.05] /# gi::executeAction deSelectActive -in [gi::getWindows 2]
[12:29:35.05] /i de::select [de::getActiveFigure [gi::getWindows 2] -point {0.31875 0.8125} -index 0 -intent none] -replace true
[12:29:35.10] /o oa:0x25f7ee20
[12:29:35.57] /# gi::executeAction deSelectActive -in [gi::getWindows 2]
[12:29:35.57] /i de::cycleActiveFigure [gi::getWindows 2] -direction next
[12:29:35.61] /o oa:0x25ee3390
[12:29:35.61] /i de::select [de::getActiveFigure [gi::getWindows 2] -point {0.31875 0.8125} -index 1 -intent none] -replace true
[12:29:35.65] /o oa:0x2606ab90
[12:29:36.09] /# gi::executeAction deSelectActive -in [gi::getWindows 2]
[12:29:36.09] /i de::select [de::getActiveFigure [gi::getWindows 2] -point {0.4375 0.80625} -index 0 -intent none] -replace true
[12:29:36.14] /o oa:0x25e83860
[12:29:36.86] /# gi::executeAction deSelectActive -in [gi::getWindows 2]
[12:29:36.86] /i de::select [de::getActiveFigure [gi::getWindows 2] -point {0.56875 0.8} -index 0 -intent none] -replace true
[12:29:36.91] /o oa:0x25ec1e10
[12:29:37.93] /# gi::executeAction seDelete -in [gi::getWindows 2]
[12:29:37.93] /i ise::delete
[12:29:39.61] /# gi::executeAction deSelectActive -in [gi::getWindows 2]
[12:29:39.61] /i de::select [de::getActiveFigure [gi::getWindows 2] -point {0.6875 0.81875} -index 0 -intent none] -replace true
[12:29:39.65] /o oa:0x2622c1b0
[12:29:40.50] /# gi::executeAction deSelectActive -in [gi::getWindows 2]
[12:29:40.50] /i de::select [de::getActiveFigure [gi::getWindows 2] -point {0.6875 0.8625} -index 0 -intent none] -replace true
[12:29:40.54] /o oa:0x25f7ee20
[12:29:40.66] /i de::select [se::getNetComponents [de::getActiveFigure [gi::getWindows 2] -point {0.6875 0.8625} -index 0 -intent none] -of branch]
[12:29:40.71] /o oa:0x25ef73b0
[12:29:42.01] /# gi::executeAction seDelete -in [gi::getWindows 2]
[12:29:42.01] /i ise::delete
[12:29:48.55] /# gi::executeAction seSchCreateWire -in [gi::getWindows 2]
[12:29:48.55] /i ise::createWire
[12:29:49.90] /# gi::executeAction deStartDrag -in [gi::getWindows 2]
[12:29:49.90] /i de::startDrag {0.31875 1.03125} -window 2
[12:29:49.97] /i de::setCursor -point {0.5 1 }
[12:29:52.72] /# gi::executeAction deEndDrag -in [gi::getWindows 2]
[12:29:52.72] /i de::endDrag {0.65625 0.8875} -window 2
[12:29:54.78] /# gi::executeAction deAddPoint -in [gi::getWindows 2]
[12:29:54.78] /i de::addPoint {0.30625 0.88125} -window 2
[12:29:55.67] /# gi::executeAction deZoomOutAtPoint -in [gi::getWindows 2]
[12:29:55.67] /i de::zoom -window 2 -factor 0.5 -center {0.9125 0.79375}
[12:29:55.75] /o {-2.04375 -0.35} {2.74375 2.23125}
[12:29:55.79] /# gi::executeAction deZoomOutAtPoint -in [gi::getWindows 2]
[12:29:55.79] /i de::zoom -window 2 -factor 0.5 -center {0.91875 0.78125}
[12:29:55.89] /o {-5.0125 -1.48125} {4.5625 3.675}
[12:29:55.89] /# gi::executeAction deZoomOutAtPoint -in [gi::getWindows 2]
[12:29:55.89] /i de::zoom -window 2 -factor 0.5 -center {0.91875 0.78125}
[12:29:55.96] /o {-10.94375 -3.74375} {8.20625 6.56875}
[12:29:55.97] /# gi::executeAction deZoomOutAtPoint -in [gi::getWindows 2]
[12:29:55.97] /i de::zoom -window 2 -factor 0.5 -center {0.91875 0.78125}
[12:29:56.04] /o {-22.80625 -8.26875} {15.49375 12.35625}
[12:29:56.12] /# gi::executeAction deZoomOutAtPoint -in [gi::getWindows 2]
[12:29:56.12] /i de::zoom -window 2 -factor 0.5 -center {0.91875 0.78125}
[12:29:56.19] /o {-46.53125 -17.31875} {30.06875 23.93125}
[12:29:56.83] /# gi::executeAction deZoomInAtPoint -in [gi::getWindows 2]
[12:29:56.83] /i de::zoom -window 2 -factor 2.0 -center {4.06875 -0.26875}
[12:29:56.91] /o {-21.23125 -8.79375} {17.06875 11.83125}
[12:29:56.94] /# gi::executeAction deZoomInAtPoint -in [gi::getWindows 2]
[12:29:56.94] /i de::zoom -window 2 -factor 2.0 -center {4.06875 -0.26875}
[12:29:57.01] /o {-8.58125 -4.53125} {10.56875 5.78125}
[12:29:57.89] /# gi::executeAction deZoomInAtPoint -in [gi::getWindows 2]
[12:29:57.89] /i de::zoom -window 2 -factor 2.0 -center {1.03125 1.36875}
[12:29:57.99] /o {-3.775 -1.58125} {5.8 3.575}
[12:29:58.03] /# gi::executeAction deZoomInAtPoint -in [gi::getWindows 2]
[12:29:58.03] /i de::zoom -window 2 -factor 2.0 -center {1.025 1.3875}
[12:29:58.10] /o {-1.375 -0.09375} {3.4125 2.48125}
[12:29:59.22] /# gi::executeAction deZoomInAtPoint -in [gi::getWindows 2]
[12:29:59.22] /i de::zoom -window 2 -factor 2.0 -center {0.86875 1.1875}
[12:29:59.30] /o {-0.25 0.54375} {2.14375 1.8375}
[12:29:59.90] /# gi::executeAction deZoomOutAtPoint -in [gi::getWindows 2]
[12:29:59.90] /i de::zoom -window 2 -factor 0.5 -center {0.8125 1.14375}
[12:30:00.00] /o {-1.31875 -0.05} {3.46875 2.525}
[12:30:03.92] /# gi::executeAction seSchCreateWireName -in [gi::getWindows 2]
[12:30:03.92] /i ise::createWireName
[12:30:07.65] /i gi::setField {wireNameName} -value {VSS} -in [gi::getToolbars {deCommandOptions} -from [gi::getWindows 2]]
[12:30:09.46] /# gi::executeAction deAddPoint -in [gi::getWindows 2]
[12:30:09.46] /i de::addPoint {0.325 0.55625} -window 2
[12:30:37.75] /i gi::setField {wireNameName} -value {} -in [gi::getToolbars {deCommandOptions} -from [gi::getWindows 2]]
[12:30:39.70] /# gi::executeAction seSchCreateSchematicPin -in [gi::getWindows 2]
[12:30:39.70] /i ise::createSchematicPin
[12:30:47.44] /# gi::executeAction deAddPoint -in [gi::getWindows 2]
[12:30:47.44] /i de::addPoint {-0.2625 1.425} -window 2
[12:30:50.57] /# gi::executeAction deAddPoint -in [gi::getWindows 2]
[12:30:50.57] /i de::addPoint {0.3125 0.4375} -window 2
[12:30:54.19] /# gi::executeAction deAddPoint -in [gi::getWindows 2]
[12:30:54.19] /i de::addPoint {0.3 2.4875} -window 2
[12:31:20.43] /# gi::executeAction seSchCreateSchematicPin -in [gi::getWindows 2]
[12:31:20.44] /i ise::createSchematicPin
[12:31:25.86] /i gi::setField {schematicPinType} -value {output} -in [gi::getToolbars {deCommandOptions} -from [gi::getWindows 2]]
[12:31:28.20] /# gi::executeAction deAddPoint -in [gi::getWindows 2]
[12:31:28.20] /i de::addPoint {0.8 1.425} -window 2
[12:31:51.58] /# gi::executeAction deAbortCommand -in [gi::getWindows 2]
[12:31:51.58] /i de::abortCommand -window 2
[12:31:52.77] /# gi::executeAction deZoomInAtPoint -in [gi::getWindows 2]
[12:31:52.77] /i de::zoom -window 2 -factor 2.0 -center {0.925 2.25}
[12:31:52.84] /o {-0.19375 1.1} {2.2 2.3875}
[12:31:52.84] /# gi::executeAction deZoomInAtPoint -in [gi::getWindows 2]
[12:31:52.84] /i de::zoom -window 2 -factor 2.0 -center {0.93125 2.1875}
[12:31:52.94] /o {0.36875 1.64375} {1.5625 2.2875}
[12:31:52.94] /# gi::executeAction deZoomInAtPoint -in [gi::getWindows 2]
[12:31:52.94] /i de::zoom -window 2 -factor 2.0 -center {0.9375 2.175}
[12:31:53.02] /o {0.65 1.90625} {1.25 2.23125}
[12:31:53.04] /# gi::executeAction deZoomOutAtPoint -in [gi::getWindows 2]
[12:31:53.04] /i de::zoom -window 2 -factor 0.5 -center {0.95 2.125}
[12:31:53.12] /o {0.35625 1.69375} {1.55 2.3375}
[12:31:53.12] /# gi::executeAction deZoomOutAtPoint -in [gi::getWindows 2]
[12:31:53.12] /i de::zoom -window 2 -factor 0.5 -center {0.95 1.95625}
[12:31:53.22] /o {-0.2375 1.43125} {2.15625 2.71875}
[12:31:53.22] /# gi::executeAction deZoomOutAtPoint -in [gi::getWindows 2]
[12:31:53.22] /i de::zoom -window 2 -factor 0.5 -center {0.675 2.0375}
[12:31:53.31] /o {-1.15625 0.825} {3.63125 3.4}
[12:31:53.31] /# gi::executeAction deZoomOutAtPoint -in [gi::getWindows 2]
[12:31:53.31] /i de::zoom -window 2 -factor 0.5 -center {0.50625 2.7875}
[12:31:53.41] /o {-2.81875 -1.14375} {6.75625 4.0125}
[12:31:54.43] /# gi::executeAction deZoomInAtPoint -in [gi::getWindows 2]
[12:31:54.43] /i de::zoom -window 2 -factor 2.0 -center {1.275 1.4375}
[12:31:54.51] /o {-0.76875 0.15} {4.01875 2.725}
[12:31:54.55] /# gi::executeAction deZoomInAtPoint -in [gi::getWindows 2]
[12:31:54.55] /i de::zoom -window 2 -factor 2.0 -center {1.25625 1.41875}
[12:31:54.63] /o {0.24375 0.78125} {2.6375 2.075}
[12:31:55.43] /# gi::executeAction deSelectActive -in [gi::getWindows 2]
[12:31:55.43] /i de::select [de::getActiveFigure [gi::getWindows 2] -point {0.81875 1.4375} -index 0 -intent none] -replace true
[12:31:55.47] /o oa:0x25b62140
[12:32:07.98] /i gi::executeAction deSaveDesign -in [gi::getWindows 2]
[12:32:08.03] /m Information: Saving design 'winsons_library inverter schematic'. (DESIGN_WINDOW-004)
[12:32:13.64] /# gi::executeAction seSchCheckAndSave -in [gi::getWindows 2]
[12:32:13.64] /i ise::check
[12:32:13.73] /m Information: 
[12:32:13.73] /o Checking "winsons_library/inverter/schematic"
[12:32:13.73] /o 	[warning] Floating I/O Instance Pins
[12:32:13.73] /o 		I/O pin 'B' of instance 'M0' is floating
[12:32:13.73] /o 		I/O pin 'B' of instance 'M1' is floating
[12:32:13.74] /o 0 Error(s),2 Warning(s),0 Message(s) found   in "winsons_library/inverter/schematic"
[12:32:13.74] /m Information: Checking process is completed: marking the design violations
[12:32:13.87] /m Information: Marking of designs is completed
[12:32:13.87] /o 1
[12:32:19.16] /# gi::executeAction deZoomOutAtPoint -in [gi::getWindows 2]
[12:32:19.16] /i de::zoom -window 2 -factor 0.5 -center {1.34375 1.35625}
[12:32:19.24] /o {-0.85625 0.2125} {3.93125 2.7875}
[12:32:19.30] /# gi::executeAction deZoomOutAtPoint -in [gi::getWindows 2]
[12:32:19.30] /i de::zoom -window 2 -factor 0.5 -center {1.34375 1.35625}
[12:32:19.37] /o {-3.0625 -0.9375} {6.5125 4.21875}
[12:32:20.02] /# gi::executeAction deZoomInAtPoint -in [gi::getWindows 2]
[12:32:20.02] /i de::zoom -window 2 -factor 2.0 -center {1.3375 1.35}
[12:32:20.09] /o {-0.8625 0.20625} {3.925 2.7875}
[12:32:23.15] /# gi::executeAction deZoomInAtPoint -in [gi::getWindows 2]
[12:32:23.15] /i de::zoom -window 2 -factor 2.0 -center {0.29375 1.05}
[12:32:23.23] /o {-0.28125 0.63125} {2.1125 1.91875}
[12:32:23.93] /# gi::executeAction deZoomInAtPoint -in [gi::getWindows 2]
[12:32:23.93] /i de::zoom -window 2 -factor 2.0 -center {0.34375 1.025}
[12:32:24.01] /o {0.03125 0.825} {1.225 1.46875}
[12:32:25.63] /# gi::executeAction seStretchDirect -in [gi::getWindows 2]
[12:32:25.63] /i ise::stretch -object [de::getActiveFigure [gi::getWindows 2] -point {0.3125 1.0625} -index 0 -intent none] -point {0.3125 1.0625}
[12:32:26.18] /# gi::executeAction deEndDrag -in [gi::getWindows 2]
[12:32:26.18] /i de::endDrag {0.3125 1.01875} -window 2
[12:32:27.55] /# gi::executeAction seStretchDirect -in [gi::getWindows 2]
[12:32:27.55] /i ise::stretch -object [de::getActiveFigure [gi::getWindows 2] -point {0.35625 1} -index 0 -intent none] -point {0.375 1}
[12:32:28.05] /# gi::executeAction deEndDrag -in [gi::getWindows 2]
[12:32:28.05] /i de::endDrag {0.3875 1.03125} -window 2
[12:32:30.96] /# gi::executeAction deSelectActive -in [gi::getWindows 2]
[12:32:30.96] /i de::select [de::getActiveFigure [gi::getWindows 2] -point {0.3125 1.0625} -index 0 -intent none] -replace true
[12:32:31.00] /o oa:0x25e3ec00
[12:32:31.94] /# gi::executeAction deSelectActive -in [gi::getWindows 2]
[12:32:31.94] /i de::select [de::getActiveFigure [gi::getWindows 2] -point {0.35 1.05625} -index 0 -intent none] -replace true
[12:32:31.98] /o oa:0x26121900
[12:32:32.77] /# gi::executeAction deSelectActive -in [gi::getWindows 2]
[12:32:32.77] /i de::select [de::getActiveFigure [gi::getWindows 2] -point {0.375 1.05} -index 0 -intent none] -replace true
[12:32:32.81] /o oa:0x25572f80
[12:32:32.94] /i de::select [se::getNetComponents [de::getActiveFigure [gi::getWindows 2] -point {0.375 1.05} -index 0 -intent none] -of branch]
[12:32:32.98] /o oa:0x263bd220
[12:32:34.02] /# gi::executeAction seDelete -in [gi::getWindows 2]
[12:32:34.02] /i ise::delete
[12:32:34.92] /# gi::executeAction deSelectActive -in [gi::getWindows 2]
[12:32:34.92] /i de::select [de::getActiveFigure [gi::getWindows 2] -point {0.4 1.0625} -index 0 -intent none] -replace true
[12:32:34.96] /o oa:0x263780d0
[12:32:35.35] /# gi::executeAction seDelete -in [gi::getWindows 2]
[12:32:35.35] /i ise::delete
[12:32:37.26] /# gi::executeAction deSelectActive -in [gi::getWindows 2]
[12:32:37.26] /i de::select [de::getActiveFigure [gi::getWindows 2] -point {0.6875 1.00625} -index 0 -intent none] -replace true
[12:32:37.30] /o oa:0x262c36a0
[12:32:38.44] /# gi::executeAction seDelete -in [gi::getWindows 2]
[12:32:38.44] /i ise::delete
[12:32:38.87] /# gi::executeAction deZoomOutAtPoint -in [gi::getWindows 2]
[12:32:38.87] /i de::zoom -window 2 -factor 0.5 -center {0.675 1.0125}
[12:32:38.95] /o {-0.6125 0.64375} {1.78125 1.93125}
[12:32:39.00] /# gi::executeAction deZoomOutAtPoint -in [gi::getWindows 2]
[12:32:39.00] /i de::zoom -window 2 -factor 0.5 -center {0.675 1.01875}
[12:32:39.09] /o {-1.90625 0.2625} {2.88125 2.84375}
[12:32:39.78] /# gi::executeAction deZoomInAtPoint -in [gi::getWindows 2]
[12:32:39.78] /i de::zoom -window 2 -factor 2.0 -center {0.69375 1.01875}
[12:32:39.85] /o {-0.60625 0.64375} {1.7875 1.93125}
[12:32:49.02] /# gi::executeAction seSchCreateWire -in [gi::getWindows 2]
[12:32:49.02] /i ise::createWire
[12:32:51.20] /# gi::executeAction deStartDrag -in [gi::getWindows 2]
[12:32:51.20] /i de::startDrag {0.3125 1.025} -window 2
[12:32:51.24] /i de::setCursor -point {0.375 1 }
[12:32:53.58] /# gi::executeAction deEndDrag -in [gi::getWindows 2]
[12:32:53.58] /i de::endDrag {0.68125 0.81875} -window 2
[12:32:56.86] /# gi::executeAction deZoomInAtPoint -in [gi::getWindows 2]
[12:32:56.86] /i de::zoom -window 2 -factor 2.0 -center {0.43125 1.60625}
[12:32:56.94] /o {-0.0875 1.125} {1.1125 1.76875}
[12:33:06.23] /# gi::executeAction deZoomInAtPoint -in [gi::getWindows 2]
[12:33:06.23] /i de::zoom -window 2 -factor 2.0 -center {0.43125 1.6}
[12:33:06.31] /o {0.175 1.3625} {0.76875 1.68125}
[12:33:06.33] /# gi::executeAction deZoomOutAtPoint -in [gi::getWindows 2]
[12:33:06.33] /i de::zoom -window 2 -factor 0.5 -center {0.49375 1.6}
[12:33:06.41] /o {-0.15 1.125} {1.05 1.76875}
[12:33:06.41] /# gi::executeAction deZoomOutAtPoint -in [gi::getWindows 2]
[12:33:06.41] /i de::zoom -window 2 -factor 0.5 -center {0.5 1.6}
[12:33:06.49] /o {-0.8 0.65} {1.59375 1.9375}
[12:33:06.49] /# gi::executeAction deZoomOutAtPoint -in [gi::getWindows 2]
[12:33:06.49] /i de::zoom -window 2 -factor 0.5 -center {0.49375 1.60625}
[12:33:06.57] /o {-2.09375 -0.3125} {2.69375 2.26875}
[12:33:06.57] /# gi::executeAction deZoomOutAtPoint -in [gi::getWindows 2]
[12:33:06.57] /i de::zoom -window 2 -factor 0.5 -center {0.49375 1.6}
[12:33:06.65] /o {-4.68125 -2.225} {4.89375 2.93125}
[12:33:06.65] /# gi::executeAction deZoomOutAtPoint -in [gi::getWindows 2]
[12:33:06.65] /i de::zoom -window 2 -factor 0.5 -center {0.49375 1.6}
[12:33:06.72] /o {-9.85625 -6.05} {9.29375 4.2625}
[12:33:06.72] /# gi::executeAction deZoomOutAtPoint -in [gi::getWindows 2]
[12:33:06.72] /i de::zoom -window 2 -factor 0.5 -center {0.49375 1.6}
[12:33:06.80] /o {-20.20625 -13.7} {18.09375 6.925}
[12:33:06.82] /# gi::executeAction deZoomInAtPoint -in [gi::getWindows 2]
[12:33:06.82] /i de::zoom -window 2 -factor 2.0 -center {0.49375 1.6}
[12:33:06.90] /o {-9.85625 -6.05} {9.29375 4.2625}
[12:33:06.90] /# gi::executeAction deZoomInAtPoint -in [gi::getWindows 2]
[12:33:06.90] /i de::zoom -window 2 -factor 2.0 -center {0.49375 1.6}
[12:33:06.98] /o {-4.68125 -2.225} {4.89375 2.93125}
[12:33:06.98] /# gi::executeAction deZoomInAtPoint -in [gi::getWindows 2]
[12:33:06.98] /i de::zoom -window 2 -factor 2.0 -center {0.49375 1.6}
[12:33:07.07] /o {-2.09375 -0.3125} {2.69375 2.26875}
[12:33:07.07] /# gi::executeAction deZoomInAtPoint -in [gi::getWindows 2]
[12:33:07.07] /i de::zoom -window 2 -factor 2.0 -center {0.49375 1.6}
[12:33:07.14] /o {-0.8 0.64375} {1.59375 1.93125}
[12:33:07.16] /# gi::executeAction deZoomOutAtPoint -in [gi::getWindows 2]
[12:33:07.16] /i de::zoom -window 2 -factor 0.5 -center {0.49375 1.6}
[12:33:07.25] /o {-2.09375 -0.3125} {2.69375 2.26875}
[12:33:07.25] /# gi::executeAction deZoomOutAtPoint -in [gi::getWindows 2]
[12:33:07.25] /i de::zoom -window 2 -factor 0.5 -center {0.49375 1.60625}
[12:33:07.33] /o {-4.68125 -2.23125} {4.89375 2.925}
[12:33:07.33] /# gi::executeAction deZoomOutAtPoint -in [gi::getWindows 2]
[12:33:07.33] /i de::zoom -window 2 -factor 0.5 -center {0.49375 1.6}
[12:33:07.42] /o {-9.85625 -6.0625} {9.29375 4.25}
[12:33:07.42] /# gi::executeAction deZoomOutAtPoint -in [gi::getWindows 2]
[12:33:07.42] /i de::zoom -window 2 -factor 0.5 -center {0.49375 1.6125}
[12:33:07.51] /o {-20.20625 -13.7375} {18.09375 6.8875}
[12:33:07.51] /# gi::executeAction deZoomOutAtPoint -in [gi::getWindows 2]
[12:33:07.51] /i de::zoom -window 2 -factor 0.5 -center {0.49375 1.6125}
[12:33:07.59] /o {-40.90625 -29.0875} {35.69375 12.1625}
[12:33:07.59] /# gi::executeAction deZoomOutAtPoint -in [gi::getWindows 2]
[12:33:07.59] /i de::zoom -window 2 -factor 0.5 -center {0.49375 1.6625}
[12:33:07.67] /o {-82.30625 -59.8375} {70.89375 22.6625}
[12:33:07.67] /# gi::executeAction deZoomOutAtPoint -in [gi::getWindows 2]
[12:33:07.67] /i de::zoom -window 2 -factor 0.5 -center {0.49375 1.6625}
[12:33:07.76] /o {-165.10625 -121.3375} {141.29375 43.6625}
[12:33:07.76] /# gi::executeAction deZoomOutAtPoint -in [gi::getWindows 2]
[12:33:07.76] /i de::zoom -window 2 -factor 0.5 -center {0.49375 1.6625}
[12:33:07.85] /o {-330.70625 -244.3375} {282.09375 85.6625}
[12:33:07.85] /# gi::executeAction deZoomOutAtPoint -in [gi::getWindows 2]
[12:33:07.85] /i de::zoom -window 2 -factor 0.5 -center {0.49375 1.6625}
[12:33:07.94] /o {-661.90625 -490.3375} {563.69375 169.6625}
[12:33:07.97] /# gi::executeAction deZoomInAtPoint -in [gi::getWindows 2]
[12:33:07.97] /i de::zoom -window 2 -factor 2.0 -center {0.49375 2.4625}
[12:33:08.04] /o {-330.70625 -243.9375} {282.09375 86.0625}
[12:33:08.04] /# gi::executeAction deZoomInAtPoint -in [gi::getWindows 2]
[12:33:08.04] /i de::zoom -window 2 -factor 2.0 -center {0.49375 2.4625}
[12:33:08.13] /o {-165.10625 -120.7375} {141.29375 44.2625}
[12:33:08.13] /# gi::executeAction deZoomInAtPoint -in [gi::getWindows 2]
[12:33:08.13] /i de::zoom -window 2 -factor 2.0 -center {0.49375 2.4625}
[12:33:08.21] /o {-82.30625 -59.1375} {70.89375 23.3625}
[12:33:08.21] /# gi::executeAction deZoomInAtPoint -in [gi::getWindows 2]
[12:33:08.21] /i de::zoom -window 2 -factor 2.0 -center {0.49375 2.4625}
[12:33:08.28] /o {-40.90625 -28.3375} {35.69375 12.9125}
[12:33:08.28] /# gi::executeAction deZoomInAtPoint -in [gi::getWindows 2]
[12:33:08.28] /i de::zoom -window 2 -factor 2.0 -center {0.49375 2.4625}
[12:33:08.36] /o {-20.20625 -12.9375} {18.09375 7.6875}
[12:33:08.36] /# gi::executeAction deZoomInAtPoint -in [gi::getWindows 2]
[12:33:08.36] /i de::zoom -window 2 -factor 2.0 -center {0.49375 2.4625}
[12:33:08.44] /o {-9.85625 -5.2375} {9.29375 5.075}
[12:33:08.44] /# gi::executeAction deZoomInAtPoint -in [gi::getWindows 2]
[12:33:08.44] /i de::zoom -window 2 -factor 2.0 -center {0.49375 2.4625}
[12:33:08.53] /o {-4.68125 -1.3875} {4.89375 3.76875}
[12:33:08.55] /# gi::executeAction deZoomOutAtPoint -in [gi::getWindows 2]
[12:33:08.56] /i de::zoom -window 2 -factor 0.5 -center {0.49375 2.4625}
[12:33:08.64] /o {-9.85625 -5.2375} {9.29375 5.075}
[12:33:08.64] /# gi::executeAction deZoomOutAtPoint -in [gi::getWindows 2]
[12:33:08.64] /i de::zoom -window 2 -factor 0.5 -center {0.49375 2.4625}
[12:33:08.72] /o {-20.20625 -12.9375} {18.09375 7.6875}
[12:33:08.72] /# gi::executeAction deZoomOutAtPoint -in [gi::getWindows 2]
[12:33:08.72] /i de::zoom -window 2 -factor 0.5 -center {0.49375 2.4625}
[12:33:08.80] /o {-40.90625 -28.3375} {35.69375 12.9125}
[12:33:08.80] /# gi::executeAction deZoomOutAtPoint -in [gi::getWindows 2]
[12:33:08.80] /i de::zoom -window 2 -factor 0.5 -center {0.49375 2.4625}
[12:33:08.88] /o {-82.30625 -59.1375} {70.89375 23.3625}
[12:33:08.88] /# gi::executeAction deZoomOutAtPoint -in [gi::getWindows 2]
[12:33:08.88] /i de::zoom -window 2 -factor 0.5 -center {0.49375 2.4625}
[12:33:08.97] /o {-165.10625 -120.7375} {141.29375 44.2625}
[12:33:09.00] /# gi::executeAction dePanNorth -in [gi::getWindows 2]
[12:33:09.00] /i de::pan -direction N -multiplier 0.5
[12:33:09.08] /o {-165.10625 -38.1375} {141.29375 126.8625}
[12:33:10.77] /# gi::executeAction deZoomInAtPoint -in [gi::getWindows 2]
[12:33:10.77] /i de::zoom -window 2 -factor 2.0 -center {0.49375 85.0625}
[12:33:10.85] /o {-82.30625 23.4625} {70.89375 105.9625}
[12:33:13.62] /# gi::executeAction deZoomInAtPoint -in [gi::getWindows 2]
[12:33:13.62] /i de::zoom -window 2 -factor 2.0 -center {1.29375 42.6625}
[12:33:13.72] /o {-40.50625 33.0625} {36.09375 74.3125}
[12:33:13.90] /# gi::executeAction deZoomInAtPoint -in [gi::getWindows 2]
[12:33:13.90] /i de::zoom -window 2 -factor 2.0 -center {1.29375 42.6625}
[12:33:13.98] /o {-19.60625 37.8625} {18.69375 58.4875}
[12:33:14.96] /# gi::executeAction deZoomOutAtPoint -in [gi::getWindows 2]
[12:33:14.97] /i de::zoom -window 2 -factor 0.5 -center {1.29375 42.5125}
[12:33:15.06] /o {-40.50625 33.2125} {36.09375 74.4625}
[12:33:15.27] /# gi::executeAction deZoomOutAtPoint -in [gi::getWindows 2]
[12:33:15.27] /i de::zoom -window 2 -factor 0.5 -center {1.29375 42.5125}
[12:33:15.34] /o {-82.30625 23.9125} {70.89375 106.4125}
[12:33:15.66] /# gi::executeAction deZoomOutAtPoint -in [gi::getWindows 2]
[12:33:15.66] /i de::zoom -window 2 -factor 0.5 -center {1.29375 42.5125}
[12:33:15.74] /o {-165.90625 5.3125} {140.49375 170.3125}
[12:33:16.07] /# gi::executeAction deZoomOutAtPoint -in [gi::getWindows 2]
[12:33:16.07] /i de::zoom -window 2 -factor 0.5 -center {4.89375 37.3125}
[12:33:16.16] /o {-336.70625 -26.6875} {276.09375 303.3125}
[12:33:16.26] /# gi::executeAction deZoomOutAtPoint -in [gi::getWindows 2]
[12:33:16.26] /i de::zoom -window 2 -factor 0.5 -center {5.29375 35.7125}
[12:33:16.35] /o {-678.70625 -89.0875} {546.89375 570.9125}
[12:33:16.52] /# gi::executeAction deZoomOutAtPoint -in [gi::getWindows 2]
[12:33:16.52] /i de::zoom -window 2 -factor 0.5 -center {6.89375 30.1125}
[12:33:16.60] /o {-1364.30625 -208.2875} {1086.89375 1111.7125}
[12:33:17.57] /# gi::executeAction deZoomInAtPoint -in [gi::getWindows 2]
[12:33:17.57] /i de::zoom -window 2 -factor 2.0 -center {2.09375 1.3125}
[12:33:17.66] /o {-681.10625 -103.4875} {544.49375 556.5125}
[12:33:17.79] /# gi::executeAction deZoomInAtPoint -in [gi::getWindows 2]
[12:33:17.79] /i de::zoom -window 2 -factor 2.0 -center {1.29375 0.5125}
[12:33:17.87] /o {-339.90625 -51.4875} {272.89375 278.5125}
[12:33:17.89] /# gi::executeAction deZoomInAtPoint -in [gi::getWindows 2]
[12:33:17.89] /i de::zoom -window 2 -factor 2.0 -center {1.29375 0.5125}
[12:33:17.98] /o {-169.30625 -25.4875} {137.09375 139.5125}
[12:33:18.04] /# gi::executeAction deZoomInAtPoint -in [gi::getWindows 2]
[12:33:18.04] /i de::zoom -window 2 -factor 2.0 -center {1.29375 -0.0875}
[12:33:18.12] /o {-84.00625 -12.7875} {69.19375 69.7125}
[12:33:18.16] /# gi::executeAction deZoomInAtPoint -in [gi::getWindows 2]
[12:33:18.16] /i de::zoom -window 2 -factor 2.0 -center {1.49375 -1.1875}
[12:33:18.25] /o {-41.25625 -6.9875} {35.34375 34.2625}
[12:33:18.45] /# gi::executeAction deZoomInAtPoint -in [gi::getWindows 2]
[12:33:18.45] /i de::zoom -window 2 -factor 2.0 -center {1.44375 -1.9875}
[12:33:18.53] /o {-19.90625 -4.4875} {18.39375 16.1375}
[12:33:18.57] /# gi::executeAction deZoomInAtPoint -in [gi::getWindows 2]
[12:33:18.57] /i de::zoom -window 2 -factor 2.0 -center {1.16875 -2.2375}
[12:33:18.65] /o {-9.36875 -3.3625} {9.78125 6.95}
[12:33:19.66] /# gi::executeAction deZoomInAtPoint -in [gi::getWindows 2]
[12:33:19.66] /i de::zoom -window 2 -factor 2.0 -center {0.46875 1.425}
[12:33:19.75] /o {-4.45 -0.96875} {5.125 4.1875}
[12:33:19.83] /# gi::executeAction deZoomInAtPoint -in [gi::getWindows 2]
[12:33:19.83] /i de::zoom -window 2 -factor 2.0 -center {0.46875 1.41875}
[12:33:19.92] /o {-1.9875 0.225} {2.8 2.80625}
[12:33:20.07] /# gi::executeAction deZoomInAtPoint -in [gi::getWindows 2]
[12:33:20.07] /i de::zoom -window 2 -factor 2.0 -center {0.4625 1.4125}
[12:33:20.15] /o {-0.7625 0.81875} {1.63125 2.10625}
[12:33:20.67] /# gi::executeAction deZoomOutAtPoint -in [gi::getWindows 2]
[12:33:20.67] /i de::zoom -window 2 -factor 0.5 -center {0.45625 1.38125}
[12:33:20.75] /o {-1.98125 0.25625} {2.80625 2.8375}
[12:33:23.17] /# gi::executeAction deZoomInAtPoint -in [gi::getWindows 2]
[12:33:23.17] /i de::zoom -window 2 -factor 2.0 -center {0.44375 1.7875}
[12:33:23.26] /o {-0.76875 1.025} {1.625 2.3125}
[12:33:25.40] /# gi::executeAction deAddPoint -in [gi::getWindows 2]
[12:33:25.40] /i de::addPoint {0.34375 1.80625} -window 2
[12:33:27.13] /# gi::executeAction deAddPoint -in [gi::getWindows 2]
[12:33:27.13] /i de::addPoint {0.5625 1.79375} -window 2
[12:33:27.94] /# gi::executeAction deAddPoint -in [gi::getWindows 2]
[12:33:27.94] /i de::addPoint {0.5625 1.8125} -window 2
[12:33:29.40] /# gi::executeAction deAddPoint -in [gi::getWindows 2]
[12:33:29.40] /i de::addPoint {0.54375 1.8125} -window 2
[12:33:29.58] /i de::select [se::getNetComponents [de::getActiveFigure [gi::getWindows 2] -point {0.54375 1.8125} -index 0 -intent none] -of branch]
[12:33:29.63] /o oa:0x2624cfc0
[12:33:31.17] /# gi::executeAction deAddPoint -in [gi::getWindows 2]
[12:33:31.17] /i de::addPoint {0.54375 1.8125} -window 2
[12:33:37.07] /# gi::executeAction deStartDrag -in [gi::getWindows 2]
[12:33:37.07] /i de::startDrag {0.525 1.8125} -window 2
[12:33:37.90] /# gi::executeAction deEndDrag -in [gi::getWindows 2]
[12:33:37.90] /i de::endDrag {0.5375 1.85} -window 2
[12:33:37.99] /i de::setCursor -point {0.5625 1.8125 }
[12:33:38.07] /i de::setCursor -point {0.5 1.8125 }
[12:33:38.30] /# gi::executeAction deAddPoint -in [gi::getWindows 2]
[12:33:38.30] /i de::addPoint {0.525 1.80625} -window 2
[12:33:39.95] /# gi::executeAction deStartDrag -in [gi::getWindows 2]
[12:33:39.95] /i de::startDrag {0.5 1.81875} -window 2
[12:33:40.00] /i de::setCursor -point {0.5 1.875 }
[12:33:41.35] /# gi::executeAction deEndDrag -in [gi::getWindows 2]
[12:33:41.35] /i de::endDrag {0.5 1.80625} -window 2
[12:33:42.11] /# gi::executeAction seDelete -in [gi::getWindows 2]
[12:33:42.11] /i ise::delete
[12:33:43.80] /# gi::executeAction deAddPoint -in [gi::getWindows 2]
[12:33:43.80] /i de::addPoint {0.49375 1.80625} -window 2
[12:33:44.71] /# gi::executeAction deAddPoint -in [gi::getWindows 2]
[12:33:44.71] /i de::addPoint {0.50625 1.8125} -window 2
[12:33:45.57] /# gi::executeAction deAddPoint -in [gi::getWindows 2]
[12:33:45.57] /i de::addPoint {0.50625 1.81875} -window 2
[12:33:47.23] /# gi::executeAction deAddPoint -in [gi::getWindows 2]
[12:33:47.23] /i de::addPoint {0.525 1.875} -window 2
[12:33:50.94] /# gi::executeAction seSchCreateWire -in [gi::getWindows 2]
[12:33:50.94] /i ise::createWire
[12:33:51.26] /i de::setCursor -point {0.625 1.6875 }
[12:33:51.33] /i de::setCursor -point {0.6875 1.6875 }
[12:33:51.45] /i de::setCursor -point {0.5 1.75 }
[12:33:51.52] /i de::setCursor -point {0.375 1.8125 }
[12:33:54.85] /# gi::executeAction deAbortCommand -in [gi::getWindows 2]
[12:33:54.85] /i de::abortCommand -window 2
[12:33:58.83] /# gi::executeAction seSchCreateWire -in [gi::getWindows 2]
[12:33:58.83] /i ise::createWire
[12:34:00.56] /# gi::executeAction deStartDrag -in [gi::getWindows 2]
[12:34:00.56] /i de::startDrag {0.30625 1.85} -window 2
[12:34:00.60] /i de::setCursor -point {0.375 1.875 }
[12:34:02.81] /# gi::executeAction deEndDrag -in [gi::getWindows 2]
[12:34:02.81] /i de::endDrag {0.68125 1.86875} -window 2
[12:34:05.27] /# gi::executeAction deAbortCommand -in [gi::getWindows 2]
[12:34:05.27] /i de::abortCommand -window 2
[12:34:07.87] /# gi::executeAction deSelectActive -in [gi::getWindows 2]
[12:34:07.87] /i de::select [de::getActiveFigure [gi::getWindows 2] -point {0.6875 1.825} -index 0 -intent none] -replace true
[12:34:07.91] /o oa:0x262ae920
[12:34:08.63] /# gi::executeAction deSelectActive -in [gi::getWindows 2]
[12:34:08.63] /i de::cycleActiveFigure [gi::getWindows 2] -direction next
[12:34:08.67] /o oa:0x254e8890
[12:34:08.67] /i de::select [de::getActiveFigure [gi::getWindows 2] -point {0.6875 1.825} -index 1 -intent none] -replace true
[12:34:08.71] /o oa:0x263b7770
[12:34:11.58] /# gi::executeAction seDelete -in [gi::getWindows 2]
[12:34:11.58] /i ise::delete
[12:34:12.80] /# gi::executeAction deZoomOutAtPoint -in [gi::getWindows 2]
[12:34:12.80] /i de::zoom -window 2 -factor 0.5 -center {0.83125 1.80625}
[12:34:12.90] /o {-2.36875 0.2375} {2.41875 2.81875}
[12:34:12.96] /# gi::executeAction deZoomOutAtPoint -in [gi::getWindows 2]
[12:34:12.96] /i de::zoom -window 2 -factor 0.5 -center {0.83125 1.7875}
[12:34:13.05] /o {-5.575 -1.3125} {4.0 3.84375}
[12:34:13.05] /# gi::executeAction deZoomOutAtPoint -in [gi::getWindows 2]
[12:34:13.05] /i de::zoom -window 2 -factor 0.5 -center {0.85 1.75625}
[12:34:13.13] /o {-12.0 -4.38125} {7.15 5.93125}
[12:34:13.79] /# gi::executeAction deZoomInAtPoint -in [gi::getWindows 2]
[12:34:13.79] /i de::zoom -window 2 -factor 2.0 -center {1.6625 0.11875}
[12:34:13.87] /o {-5.16875 -2.13125} {4.40625 3.025}
[12:34:13.92] /# gi::executeAction deZoomInAtPoint -in [gi::getWindows 2]
[12:34:13.92] /i de::zoom -window 2 -factor 2.0 -center {1.6625 0.11875}
[12:34:13.99] /o {-1.75 -1.00625} {3.0375 1.575}
[12:34:15.99] /# gi::executeAction dePanNorth -in [gi::getWindows 2]
[12:34:15.99] /i de::pan -direction N -multiplier 0.5
[12:34:16.07] /o {-1.75 0.28125} {3.0375 2.8625}
[12:34:19.31] /# gi::executeAction deSelectActive -in [gi::getWindows 2]
[12:34:19.31] /i de::select [de::getActiveFigure [gi::getWindows 2] -point {0.3 0.825} -index 0 -intent none] -replace true
[12:34:19.35] /o oa:0x2613ca90
[12:34:20.07] /# gi::executeAction deSelectActive -in [gi::getWindows 2]
[12:34:20.07] /i de::select [de::getActiveFigure [gi::getWindows 2] -point {0.31875 0.8125} -index 0 -intent none] -replace true
[12:34:20.12] /o oa:0x25e85e10
[12:34:21.41] /# gi::executeAction seDelete -in [gi::getWindows 2]
[12:34:21.41] /i ise::delete
[12:34:22.35] /# gi::executeAction deAddPoint -in [gi::getWindows 2]
[12:34:22.35] /i de::addPoint {0.31875 0.80625} -window 2
[12:34:23.47] /# gi::executeAction deZoomInAtPoint -in [gi::getWindows 2]
[12:34:23.47] /i de::zoom -window 2 -factor 2.0 -center {0.5875 0.76875}
[12:34:23.55] /o {-0.58125 0.525} {1.8125 1.8125}
[12:34:24.49] /# gi::executeAction deZoomInAtPoint -in [gi::getWindows 2]
[12:34:24.49] /i de::zoom -window 2 -factor 2.0 -center {0.64375 0.8}
[12:34:24.57] /o {0.03125 0.6625} {1.225 1.30625}
[12:34:26.04] /# gi::executeAction deStartDrag -in [gi::getWindows 2]
[12:34:26.04] /i de::startDrag {0.6875 0.8125} -window 2
[12:34:27.15] /# gi::executeAction deEndDrag -in [gi::getWindows 2]
[12:34:27.15] /i de::endDrag {0.69375 0.83125} -window 2
[12:34:27.62] /# gi::executeAction deAddPoint -in [gi::getWindows 2]
[12:34:27.62] /i de::addPoint {0.6875 0.83125} -window 2
[12:34:32.01] /# gi::executeAction deAddPoint -in [gi::getWindows 2]
[12:34:32.01] /i de::addPoint {0.425 1} -window 2
[12:34:34.69] /# gi::executeAction seSchCreateWire -in [gi::getWindows 2]
[12:34:34.69] /i ise::createWire
[12:34:35.74] /# gi::executeAction deStartDrag -in [gi::getWindows 2]
[12:34:35.74] /i de::startDrag {0.3125 1.025} -window 2
[12:34:35.81] /i de::setCursor -point {0.4375 1 }
[12:34:39.28] /# gi::executeAction deEndDrag -in [gi::getWindows 2]
[12:34:39.28] /i de::endDrag {0.66875 0.975} -window 2
[12:34:39.59] /i de::setCursor -point {0.6875 0.9375 }
[12:34:40.24] /i de::setCursor -point {0.5625 0.875 }
[12:34:40.31] /i de::setCursor -point {0.5 0.875 }
[12:34:42.54] /# gi::executeAction deAddPoint -in [gi::getWindows 2]
[12:34:42.54] /i de::addPoint {0.3125 0.875} -window 2
[12:34:52.46] /# gi::executeAction deZoomOutAtPoint -in [gi::getWindows 2]
[12:34:52.46] /i de::zoom -window 2 -factor 0.5 -center {0.38125 1.06875}
[12:34:52.54] /o {-0.31875 0.25625} {2.075 1.54375}
[12:34:52.65] /# gi::executeAction deZoomOutAtPoint -in [gi::getWindows 2]
[12:34:52.65] /i de::zoom -window 2 -factor 0.5 -center {0.375 1.06875}
[12:34:52.74] /o {-1.0125 -0.55625} {3.775 2.025}
[12:35:02.88] /# gi::executeAction seSchCheckAndSave -in [gi::getWindows 2]
[12:35:02.88] /i ise::check
[12:35:02.98] /m Information: 
[12:35:02.99] /o Checking "winsons_library/inverter/schematic"
[12:35:02.99] /o No rule violations found in "winsons_library/inverter/schematic"
[12:35:02.99] /m Information: Checking process is completed: marking the design violations
[12:35:03.12] /m Information: Marking of designs is completed
[12:35:03.12] /o 1
[12:35:05.45] /# gi::executeAction deZoomOutAtPoint -in [gi::getWindows 2]
[12:35:05.45] /i de::zoom -window 2 -factor 0.5 -center {0.85 1.00625}
[12:35:05.57] /o {-2.88125 -2.11875} {6.69375 3.0375}
[12:35:15.34] /# gi::executeAction deZoomOutAtPoint -in [gi::getWindows 2]
[12:35:15.34] /i de::zoom -window 2 -factor 0.5 -center {0.01875 1.29375}
[12:35:15.44] /o {-5.78125 -5.53125} {13.36875 4.78125}
[12:35:19.77] /# gi::executeAction deZoomInAtPoint -in [gi::getWindows 2]
[12:35:19.77] /i de::zoom -window 2 -factor 2.0 -center {0.13125 1.48125}
[12:35:19.87] /o {-2.825 -2.025} {6.75 3.13125}
[12:35:19.93] /# gi::executeAction deZoomInAtPoint -in [gi::getWindows 2]
[12:35:19.93] /i de::zoom -window 2 -factor 2.0 -center {0.13125 1.48125}
[12:35:20.02] /o {-1.34375 -0.26875} {3.44375 2.30625}
[12:35:34.87] /# gi::executeAction dmShowNewCellView -in [gi::getWindows 2]
[12:35:34.87] /i dm::showNewCellView -parent 2
[12:35:35.31] /o oa:0x261d3360
[12:35:36.11] /i gi::setActiveDialog [gi::getDialogs {dmNewCellView}]
[12:35:36.62] /i db::setAttr geometry -of [gi::getDialogs {dmNewCellView}] -value 588x336+666+387
[12:35:57.33] /i db::setAttr geometry -of [gi::getDialogs {dmNewCellView}] -value 588x336+665+387
[12:35:57.94] /i gi::closeWindows [gi::getDialogs {dmNewCellView}]
[12:36:05.24] /# gi::executeAction dmShowNewCellView -in [gi::getWindows 2]
[12:36:05.24] /i dm::showNewCellView -parent 2
[12:36:05.40] /o oa:0x261b5f30
[12:36:05.69] /i gi::setActiveDialog [gi::getDialogs {dmNewCellView}]
[12:36:05.91] /i db::setAttr geometry -of [gi::getDialogs {dmNewCellView}] -value 588x336+655+379
[12:36:14.38] /i gi::closeWindows [gi::getDialogs {dmNewCellView}]
[12:36:25.50] /# gi::executeAction deCellviewFromCellview -in [gi::getWindows 2]
[12:36:25.50] /i db::showCellViewFromCellView -src [db::getAttr container -of [db::getAttr editFile -of [db::getNext [de::getContexts -window 2]]]] 
[12:36:25.72] /o oa:0x2624f520
[12:36:26.09] /i gi::setActiveDialog [gi::getDialogs {dbCellViewFromCellView}]
[12:36:26.63] /i db::setAttr geometry -of [gi::getDialogs {dbCellViewFromCellView}] -value 628x353+646+401
[12:36:36.51] /i gi::setField {adjustPins} -value {true} -in [gi::getDialogs {dbCellViewFromCellView}]
[12:36:36.84] /i db::setAttr geometry -of [gi::getDialogs {dbCellViewFromCellView}] -value 628x614+646+401
[12:36:37.03] /i gi::setField {adjustPins} -value {false} -in [gi::getDialogs {dbCellViewFromCellView}]
[12:36:37.35] /i db::setAttr geometry -of [gi::getDialogs {dbCellViewFromCellView}] -value 628x353+646+401
[12:36:37.67] /i gi::setField {adjustPins} -value {true} -in [gi::getDialogs {dbCellViewFromCellView}]
[12:36:38.10] /i db::setAttr geometry -of [gi::getDialogs {dbCellViewFromCellView}] -value 628x464+646+401
[12:36:51.30] /i gi::pressButton {ok} -in [gi::getDialogs {dbCellViewFromCellView}]
[12:36:51.44] /r giWindowId 6
[12:36:51.45] /r giWindowGeometry 1575x947
[12:36:52.21] /o 0.1
[12:36:52.82] /i db::setAttr geometry -of [gi::getFrames 6] -value 1575x947+67+57
[12:36:57.75] /# gi::executeAction deZoomOutAtPoint -in [gi::getWindows 6]
[12:36:57.75] /i de::zoom -window 6 -factor 0.5 -center {-0.56875 0.0375}
[12:36:57.83] /o {-2.39375 -2.19375} {5.63125 2.13125}
[12:36:57.98] /# gi::executeAction deZoomOutAtPoint -in [gi::getWindows 6]
[12:36:57.98] /i de::zoom -window 6 -factor 0.5 -center {0.01875 0.03125}
[12:36:58.07] /o {-4.8 -4.4125} {11.2375 4.225}
[12:36:58.68] /# gi::executeAction deZoomInAtPoint -in [gi::getWindows 6]
[12:36:58.68] /i de::zoom -window 6 -factor 2.0 -center {1.33125 -0.0125}
[12:36:58.76] /o {-1.7375 -2.2125} {6.2875 2.10625}
[12:37:03.43] /# gi::executeAction deZoomInAtPoint -in [gi::getWindows 6]
[12:37:03.43] /i de::zoom -window 6 -factor 2.0 -center {1.08125 -0.14375}
[12:37:03.51] /o {-0.325 -1.18125} {3.68125 0.98125}
[12:37:03.55] /# gi::executeAction deZoomInAtPoint -in [gi::getWindows 6]
[12:37:03.55] /i de::zoom -window 6 -factor 2.0 -center {0.96875 -0.1375}
[12:37:03.64] /o {0.31875 -0.65625} {2.325 0.425}
[12:37:04.38] /# gi::executeAction deZoomOutAtPoint -in [gi::getWindows 6]
[12:37:04.38] /i de::zoom -window 6 -factor 0.5 -center {0.93125 -0.14375}
[12:37:04.45] /o {-0.2875 -1.175} {3.71875 0.9875}
[12:37:37.21] /i gi::executeAction deSaveDesign -in [gi::getWindows 6]
[12:37:37.25] /m Information: Saving design 'winsons_library inverter symbol'. (DESIGN_WINDOW-004)
[12:37:37.79] /i gi::executeAction deSaveDesign -in [gi::getWindows 6]
[12:37:37.84] /m Information: Saving design 'winsons_library inverter symbol'. (DESIGN_WINDOW-004)
[12:37:38.64] /i gi::executeAction deSaveDesign -in [gi::getWindows 6]
[12:37:38.69] /m Information: Saving design 'winsons_library inverter symbol'. (DESIGN_WINDOW-004)
[12:38:54.37] /i gi::executeAction giCloseWindow -in [gi::getWindows 6]
[12:39:09.78] /i gi::setActiveWindow 2
[12:39:09.82] /i gi::setActiveWindow 2 -raise true
[12:39:13.69] /# gi::executeAction seSchCheckAndSave -in [gi::getWindows 2]
[12:39:13.69] /i ise::check
[12:39:13.77] /m Information: 
              /c Cross view checking for winsons_library/inverter/symbol with winsons_library/inverter/schematic
              /c No violations found. (DE_EDIT-007)
[12:39:13.78] /m Information: 
[12:39:13.78] /o Checking "winsons_library/inverter/schematic"
[12:39:13.78] /o No rule violations found in "winsons_library/inverter/schematic"
[12:39:13.78] /m Information: Checking process is completed: marking the design violations
[12:39:13.89] /m Information: Marking of designs is completed
[12:39:13.89] /o 1
[12:39:18.85] /i gi::executeAction giCloseWindow -in [gi::getWindows 2]
[12:39:21.62] /m Information: License 'Schematic Editor' checked in. (LICENSE-004)
[12:39:23.68] /i gi::setActiveWindow 1
[12:39:23.72] /i gi::setActiveWindow 1 -raise true
[12:39:24.26] /i db::setAttr geometry -of [gi::getFrames 1] -value 660x600+117+78
[12:39:29.32] /i gi::setCurrentIndex {cells} -index {inverter} -in [gi::getWindows 1]
[12:39:29.38] /i gi::setItemSelection {cells} -index {inverter} -in [gi::getWindows 1]
[12:39:30.18] /i gi::setItemSelection {cells} -index {} -in [gi::getWindows 1]
[12:39:36.82] /# gi::executeAction dmShowNewCellView -in [gi::getWindows 1]
[12:39:36.82] /i dm::showNewCellView -parent 1
[12:39:37.26] /o oa:0x25ed93a0
[12:39:37.75] /i gi::setActiveDialog [gi::getDialogs {dmNewCellView} -parent [gi::getWindows 1]]
[12:39:37.97] /i db::setAttr geometry -of [gi::getDialogs {dmNewCellView} -parent [gi::getWindows 1]] -value 588x336+143+157
[12:40:04.68] /i gi::setItemSelection {cells} -index {} -in [gi::getDialogs {dmNewCellView} -parent [gi::getWindows 1]]
[12:40:07.49] /i gi::setField {cellName} -value {inverter_testbench} -in [gi::getDialogs {dmNewCellView} -parent [gi::getWindows 1]]
[12:40:10.93] /i gi::setField {cellViewName} -value {schematic} -in [gi::getDialogs {dmNewCellView} -parent [gi::getWindows 1]]
[12:40:24.78] /i gi::pressButton {ok} -in [gi::getDialogs {dmNewCellView} -parent [gi::getWindows 1]]
[12:40:24.83] /# db::getAttr viewType -of [dm::findCellView schematic -cell [dm::findCell inverter\_testbench -lib [oa::LibFind [oa::ScalarName [oa::CdbaNS] winsons\_library]]]]
[12:40:24.83] /# dm::createCellView schematic -cell [dm::findCell inverter\_testbench -lib [ oa::LibFind [oa::ScalarName [oa::CdbaNS] winsons\_library]]] -viewType schematic
[12:40:24.84] /# de::open [dm::findCellView schematic -cell [dm::findCell inverter\_testbench -lib [oa::LibFind [oa::ScalarName [oa::CdbaNS] winsons\_library]]]] -application seSchematic
[12:40:24.89] /m Information: License 'Schematic Editor' checked out. (LICENSE-003)
[12:40:24.93] /r giWindowId 7
[12:40:24.94] /r giWindowGeometry 1575x947
[12:40:26.34] /i db::setAttr geometry -of [gi::getFrames 7] -value 1575x947+67+59
[12:40:35.95] /# gi::executeAction seCreateInst -in [gi::getWindows 7]
[12:40:35.95] /i ise::createInst
[12:40:36.74] /i db::setAttr geometry -of [gi::getDialogs {seCreateInst}] -value 357x355+667+306
[12:40:37.00] /i gi::setActiveDialog [gi::getDialogs {seCreateInst} -parent [gi::getWindows 7]]
[12:47:05.95] /i gi::closeWindows [gi::getDialogs {seCreateInst} -parent [gi::getWindows 7]]
[12:47:07.44] /i db::setAttr geometry -of [gi::getFrames 7] -value 1575x947+67+58
[12:47:07.69] /i gi::executeAction giCloseWindow -in [gi::getWindows 7]
[12:47:09.95] /m Information: License 'Schematic Editor' checked in. (LICENSE-004)
[12:47:10.23] /i gi::setActiveWindow 1
[12:47:10.28] /i gi::setActiveWindow 1 -raise true
[12:47:13.67] /i gi::setActiveWindow 0
[12:47:13.71] /i gi::setActiveWindow 0 -raise true
[12:47:15.86] /i gi::setActiveWindow 1
[12:47:15.90] /i gi::setActiveWindow 1 -raise true
[12:47:17.20] /i gi::executeAction giCloseWindow -in [gi::getWindows 1]
[12:47:17.45] /i gi::setActiveWindow 0
[12:47:17.49] /i gi::setActiveWindow 0 -raise true
[12:47:18.72] /i gi::executeAction giCloseWindow -in [gi::getWindows 0]
[12:47:19.32] /r giDialog db::setAttr geometry -of [gi::getDialogs {deExitDialog}] -value 371x218+774+446
[12:47:20.66] /r giDialog gi::setActiveDialog [gi::getDialogs {deExitDialog}]
[12:47:20.79] /r giDialog gi::setField {saveState} -value {true} -in [gi::getDialogs {deExitDialog}]
[12:47:25.61] /r giDialog gi::pressButton {ok} -in [gi::getDialogs {deExitDialog}]
[12:47:26.03] /o Shutdown time: Wed Jan 15 12:47:26 2020
[12:47:26.03] /o Elapsed session real time: 44.08 minutes
[12:47:26.03] /o Session terminated. Log is at /home/eemaj/wbi/eecs168/cdesigner.log
